{"meta": {"format": 3, "version": "7.14.0", "timestamp": "2026-05-17T17:26:33.064573", "branch_coverage": true, "show_contexts": false}, "files": {"research_code\\create_tiles.py": {"executed_lines": [11, 12, 13, 14, 15, 16, 19, 24, 38, 40, 41, 42, 44, 45, 47, 48, 49, 50, 52, 53, 54, 55, 56, 58, 59, 61, 62, 64, 65, 67, 68, 70, 71, 72, 73, 75, 76, 79, 80, 81, 82, 83, 84, 85, 86, 88, 90, 91, 92, 93, 94, 97, 98, 99, 102, 103, 107, 108, 109, 111, 112], "summary": {"covered_lines": 61, "num_statements": 62, "percent_covered": 98.57142857142857, "percent_covered_display": "99", "missing_lines": 1, "excluded_lines": 0, "percent_statements_covered": 98.38709677419355, "percent_statements_covered_display": "98", "num_branches": 8, "num_partial_branches": 0, "covered_branches": 8, "missing_branches": 0, "percent_branches_covered": 100.0, "percent_branches_covered_display": "100"}, "missing_lines": [87], "excluded_lines": [], "executed_branches": [[40, 41], [40, 44], [48, 49], [48, 52], [61, -1], [61, 62], [97, 98], [97, 102]], "missing_branches": [], "functions": {"get_tiles_from_polygon": {"executed_lines": [38, 40, 41, 42, 44, 45, 47, 48, 49, 50, 52, 53, 54, 55, 56, 58, 59], "summary": {"covered_lines": 17, "num_statements": 17, "percent_covered": 100.0, "percent_covered_display": "100", "missing_lines": 0, "excluded_lines": 0, "percent_statements_covered": 100.0, "percent_statements_covered_display": "100", "num_branches": 4, "num_partial_branches": 0, "covered_branches": 4, "missing_branches": 0, "percent_branches_covered": 100.0, "percent_branches_covered_display": "100"}, "missing_lines": [], "excluded_lines": [], "start_line": 24, "executed_branches": [[40, 41], [40, 44], [48, 49], [48, 52]], "missing_branches": []}, "": {"executed_lines": [11, 12, 13, 14, 15, 16, 19, 24, 61, 62, 64, 65, 67, 68, 70, 71, 72, 73, 75, 76, 79, 80, 81, 82, 83, 84, 85, 86, 88, 90, 91, 92, 93, 94, 97, 98, 99, 102, 103, 107, 108, 109, 111, 112], "summary": {"covered_lines": 44, "num_statements": 45, "percent_covered": 97.95918367346938, "percent_covered_display": "98", "missing_lines": 1, "excluded_lines": 0, "percent_statements_covered": 97.77777777777777, "percent_statements_covered_display": "98", "num_branches": 4, "num_partial_branches": 0, "covered_branches": 4, "missing_branches": 0, "percent_branches_covered": 100.0, "percent_branches_covered_display": "100"}, "missing_lines": [87], "excluded_lines": [], "start_line": 1, "executed_branches": [[61, -1], [61, 62], [97, 98], [97, 102]], "missing_branches": []}}, "classes": {"": {"executed_lines": [11, 12, 13, 14, 15, 16, 19, 24, 38, 40, 41, 42, 44, 45, 47, 48, 49, 50, 52, 53, 54, 55, 56, 58, 59, 61, 62, 64, 65, 67, 68, 70, 71, 72, 73, 75, 76, 79, 80, 81, 82, 83, 84, 85, 86, 88, 90, 91, 92, 93, 94, 97, 98, 99, 102, 103, 107, 108, 109, 111, 112], "summary": {"covered_lines": 61, "num_statements": 62, "percent_covered": 98.57142857142857, "percent_covered_display": "99", "missing_lines": 1, "excluded_lines": 0, "percent_statements_covered": 98.38709677419355, "percent_statements_covered_display": "98", "num_branches": 8, "num_partial_branches": 0, "covered_branches": 8, "missing_branches": 0, "percent_branches_covered": 100.0, "percent_branches_covered_display": "100"}, "missing_lines": [87], "excluded_lines": [], "start_line": 1, "executed_branches": [[40, 41], [40, 44], [48, 49], [48, 52], [61, -1], [61, 62], [97, 98], [97, 102]], "missing_branches": []}}}, "research_code\\csv_to_parquet.py": {"executed_lines": [12, 13, 14, 15, 16, 17, 18, 21, 26, 39, 40, 41, 42, 43, 44, 46, 47, 48, 50, 77, 78, 79, 80, 82, 83, 84, 85, 86, 87, 89, 90, 91, 93, 94, 95, 97, 98, 99, 100, 101, 102, 103, 105, 106, 107, 108, 109, 110, 111, 112, 113, 114, 115, 116, 118, 119, 121, 122, 123, 124, 125, 126, 127, 132, 133, 134, 135, 137, 138, 139, 140, 141, 142, 144], "summary": {"covered_lines": 74, "num_statements": 77, "percent_covered": 92.38095238095238, "percent_covered_display": "92", "missing_lines": 3, "excluded_lines": 0, "percent_statements_covered": 96.1038961038961, "percent_statements_covered_display": "96", "num_branches": 28, "num_partial_branches": 5, "covered_branches": 23, "missing_branches": 5, "percent_branches_covered": 82.14285714285714, "percent_branches_covered_display": "82"}, "missing_lines": [129, 130, 145], "excluded_lines": [], "executed_branches": [[82, 83], [85, -26], [85, 86], [93, 94], [93, 97], [101, 102], [101, 103], [106, 107], [109, 110], [109, 115], [110, 109], [110, 111], [113, 109], [113, 114], [115, 116], [115, 118], [121, 122], [121, 132], [125, 126], [133, 134], [138, -89], [138, 139], [144, -1]], "missing_branches": [[82, 85], [106, 121], [125, 129], [133, 137], [144, 145]], "functions": {"convert_csv_to_parquet": {"executed_lines": [39, 40, 41, 42, 43, 44, 46, 47, 48, 50, 77, 78, 79, 80, 82, 83, 84, 85, 86, 87], "summary": {"covered_lines": 20, "num_statements": 20, "percent_covered": 95.83333333333333, "percent_covered_display": "96", "missing_lines": 0, "excluded_lines": 0, "percent_statements_covered": 100.0, "percent_statements_covered_display": "100", "num_branches": 4, "num_partial_branches": 1, "covered_branches": 3, "missing_branches": 1, "percent_branches_covered": 75.0, "percent_branches_covered_display": "75"}, "missing_lines": [], "excluded_lines": [], "start_line": 26, "executed_branches": [[82, 83], [85, -26], [85, 86]], "missing_branches": [[82, 85]]}, "main": {"executed_lines": [90, 91, 93, 94, 95, 97, 98, 99, 100, 101, 102, 103, 105, 106, 107, 108, 109, 110, 111, 112, 113, 114, 115, 116, 118, 119, 121, 122, 123, 124, 125, 126, 127, 132, 133, 134, 135, 137, 138, 139, 140, 141, 142], "summary": {"covered_lines": 43, "num_statements": 45, "percent_covered": 92.53731343283582, "percent_covered_display": "93", "missing_lines": 2, "excluded_lines": 0, "percent_statements_covered": 95.55555555555556, "percent_statements_covered_display": "96", "num_branches": 22, "num_partial_branches": 3, "covered_branches": 19, "missing_branches": 3, "percent_branches_covered": 86.36363636363636, "percent_branches_covered_display": "86"}, "missing_lines": [129, 130], "excluded_lines": [], "start_line": 89, "executed_branches": [[93, 94], [93, 97], [101, 102], [101, 103], [106, 107], [109, 110], [109, 115], [110, 109], [110, 111], [113, 109], [113, 114], [115, 116], [115, 118], [121, 122], [121, 132], [125, 126], [133, 134], [138, -89], [138, 139]], "missing_branches": [[106, 121], [125, 129], [133, 137]]}, "": {"executed_lines": [12, 13, 14, 15, 16, 17, 18, 21, 26, 89, 144], "summary": {"covered_lines": 11, "num_statements": 12, "percent_covered": 85.71428571428571, "percent_covered_display": "86", "missing_lines": 1, "excluded_lines": 0, "percent_statements_covered": 91.66666666666667, "percent_statements_covered_display": "92", "num_branches": 2, "num_partial_branches": 1, "covered_branches": 1, "missing_branches": 1, "percent_branches_covered": 50.0, "percent_branches_covered_display": "50"}, "missing_lines": [145], "excluded_lines": [], "start_line": 1, "executed_branches": [[144, -1]], "missing_branches": [[144, 145]]}}, "classes": {"": {"executed_lines": [12, 13, 14, 15, 16, 17, 18, 21, 26, 39, 40, 41, 42, 43, 44, 46, 47, 48, 50, 77, 78, 79, 80, 82, 83, 84, 85, 86, 87, 89, 90, 91, 93, 94, 95, 97, 98, 99, 100, 101, 102, 103, 105, 106, 107, 108, 109, 110, 111, 112, 113, 114, 115, 116, 118, 119, 121, 122, 123, 124, 125, 126, 127, 132, 133, 134, 135, 137, 138, 139, 140, 141, 142, 144], "summary": {"covered_lines": 74, "num_statements": 77, "percent_covered": 92.38095238095238, "percent_covered_display": "92", "missing_lines": 3, "excluded_lines": 0, "percent_statements_covered": 96.1038961038961, "percent_statements_covered_display": "96", "num_branches": 28, "num_partial_branches": 5, "covered_branches": 23, "missing_branches": 5, "percent_branches_covered": 82.14285714285714, "percent_branches_covered_display": "82"}, "missing_lines": [129, 130, 145], "excluded_lines": [], "start_line": 1, "executed_branches": [[82, 83], [85, -26], [85, 86], [93, 94], [93, 97], [101, 102], [101, 103], [106, 107], [109, 110], [109, 115], [110, 109], [110, 111], [113, 109], [113, 114], [115, 116], [115, 118], [121, 122], [121, 132], [125, 126], [133, 134], [138, -89], [138, 139], [144, -1]], "missing_branches": [[82, 85], [106, 121], [125, 129], [133, 137], [144, 145]]}}}, "research_code\\dlr.py": {"executed_lines": [2, 3, 4, 5, 6, 7, 8, 9, 11, 12, 13, 14, 15, 16, 18, 19, 20, 21, 22, 23, 24, 25, 26, 27, 28, 29, 30, 32, 33, 35, 36, 37, 39, 40, 42, 43, 44, 45, 47, 48, 50, 52, 53, 54, 56, 58, 60, 61, 62, 63, 64, 65, 67, 68, 69, 71, 73, 74, 75, 77, 78, 79, 80], "summary": {"covered_lines": 63, "num_statements": 64, "percent_covered": 96.42857142857143, "percent_covered_display": "96", "missing_lines": 1, "excluded_lines": 0, "percent_statements_covered": 98.4375, "percent_statements_covered_display": "98", "num_branches": 20, "num_partial_branches": 2, "covered_branches": 18, "missing_branches": 2, "percent_branches_covered": 90.0, "percent_branches_covered_display": "90"}, "missing_lines": [81], "excluded_lines": [], "executed_branches": [[19, 20], [19, 32], [39, 40], [39, 47], [42, 43], [42, 44], [44, 45], [47, 48], [47, 50], [52, 53], [52, 56], [60, -1], [60, 61], [73, 74], [73, 77], [74, 73], [74, 75], [80, -1]], "missing_branches": [[44, 39], [80, 81]], "functions": {"download_and_process_tile": {"executed_lines": [12, 13, 14, 15, 16, 18, 19, 20, 21, 22, 23, 24, 25, 26, 27, 28, 29, 30, 32, 33], "summary": {"covered_lines": 20, "num_statements": 20, "percent_covered": 100.0, "percent_covered_display": "100", "missing_lines": 0, "excluded_lines": 0, "percent_statements_covered": 100.0, "percent_statements_covered_display": "100", "num_branches": 2, "num_partial_branches": 0, "covered_branches": 2, "missing_branches": 0, "percent_branches_covered": 100.0, "percent_branches_covered_display": "100"}, "missing_lines": [], "excluded_lines": [], "start_line": 11, "executed_branches": [[19, 20], [19, 32]], "missing_branches": []}, "process_tile_file": {"executed_lines": [36, 37, 39, 40, 42, 43, 44, 45, 47, 48, 50, 52, 53, 54, 56, 58], "summary": {"covered_lines": 16, "num_statements": 16, "percent_covered": 96.15384615384616, "percent_covered_display": "96", "missing_lines": 0, "excluded_lines": 0, "percent_statements_covered": 100.0, "percent_statements_covered_display": "100", "num_branches": 10, "num_partial_branches": 1, "covered_branches": 9, "missing_branches": 1, "percent_branches_covered": 90.0, "percent_branches_covered_display": "90"}, "missing_lines": [], "excluded_lines": [], "start_line": 35, "executed_branches": [[39, 40], [39, 47], [42, 43], [42, 44], [44, 45], [47, 48], [47, 50], [52, 53], [52, 56]], "missing_branches": [[44, 39]]}, "": {"executed_lines": [2, 3, 4, 5, 6, 7, 8, 9, 11, 35, 60, 61, 62, 63, 64, 65, 67, 68, 69, 71, 73, 74, 75, 77, 78, 79, 80], "summary": {"covered_lines": 27, "num_statements": 28, "percent_covered": 94.44444444444444, "percent_covered_display": "94", "missing_lines": 1, "excluded_lines": 0, "percent_statements_covered": 96.42857142857143, "percent_statements_covered_display": "96", "num_branches": 8, "num_partial_branches": 1, "covered_branches": 7, "missing_branches": 1, "percent_branches_covered": 87.5, "percent_branches_covered_display": "88"}, "missing_lines": [81], "excluded_lines": [], "start_line": 1, "executed_branches": [[60, -1], [60, 61], [73, 74], [73, 77], [74, 73], [74, 75], [80, -1]], "missing_branches": [[80, 81]]}}, "classes": {"": {"executed_lines": [2, 3, 4, 5, 6, 7, 8, 9, 11, 12, 13, 14, 15, 16, 18, 19, 20, 21, 22, 23, 24, 25, 26, 27, 28, 29, 30, 32, 33, 35, 36, 37, 39, 40, 42, 43, 44, 45, 47, 48, 50, 52, 53, 54, 56, 58, 60, 61, 62, 63, 64, 65, 67, 68, 69, 71, 73, 74, 75, 77, 78, 79, 80], "summary": {"covered_lines": 63, "num_statements": 64, "percent_covered": 96.42857142857143, "percent_covered_display": "96", "missing_lines": 1, "excluded_lines": 0, "percent_statements_covered": 98.4375, "percent_statements_covered_display": "98", "num_branches": 20, "num_partial_branches": 2, "covered_branches": 18, "missing_branches": 2, "percent_branches_covered": 90.0, "percent_branches_covered_display": "90"}, "missing_lines": [81], "excluded_lines": [], "start_line": 1, "executed_branches": [[19, 20], [19, 32], [39, 40], [39, 47], [42, 43], [42, 44], [44, 45], [47, 48], [47, 50], [52, 53], [52, 56], [60, -1], [60, 61], [73, 74], [73, 77], [74, 73], [74, 75], [80, -1]], "missing_branches": [[44, 39], [80, 81]]}}}, "research_code\\find_osm_segments.py": {"executed_lines": [62, 63, 64, 65, 66, 67, 68, 69, 70, 73, 77, 79, 80, 81, 83, 85, 96, 97, 98, 99, 100, 101, 102, 103, 105, 107, 108, 109, 151, 152, 153, 154, 155, 156, 157, 158, 159, 160, 161, 162, 163, 165, 166, 167, 168, 171, 172, 173, 175, 176, 177, 179, 180, 181, 182, 185, 186, 187, 188, 190, 191, 192, 193, 195, 196, 197, 199, 200, 201, 203, 204, 205, 210, 211, 212, 213, 215, 216, 217, 219, 220, 221, 225, 226, 228], "summary": {"covered_lines": 85, "num_statements": 91, "percent_covered": 89.56521739130434, "percent_covered_display": "90", "missing_lines": 6, "excluded_lines": 0, "percent_statements_covered": 93.4065934065934, "percent_statements_covered_display": "93", "num_branches": 24, "num_partial_branches": 6, "covered_branches": 18, "missing_branches": 6, "percent_branches_covered": 75.0, "percent_branches_covered_display": "75"}, "missing_lines": [183, 184, 206, 207, 208, 229], "excluded_lines": [], "executed_branches": [[79, 80], [79, 83], [80, 79], [80, 81], [165, 166], [167, 168], [175, 176], [175, 179], [182, 185], [195, 196], [195, 199], [199, 200], [199, 203], [205, 210], [212, 213], [219, 220], [219, 225], [228, -1]], "missing_branches": [[165, 167], [167, -105], [182, 183], [205, 206], [212, 215], [228, 229]], "functions": {"haversine": {"executed_lines": [96, 97, 98, 99, 100, 101, 102, 103], "summary": {"covered_lines": 8, "num_statements": 8, "percent_covered": 100.0, "percent_covered_display": "100", "missing_lines": 0, "excluded_lines": 0, "percent_statements_covered": 100.0, "percent_statements_covered_display": "100", "num_branches": 0, "num_partial_branches": 0, "covered_branches": 0, "missing_branches": 0, "percent_branches_covered": 100.0, "percent_branches_covered_display": "100"}, "missing_lines": [], "excluded_lines": [], "start_line": 85, "executed_branches": [], "missing_branches": []}, "calculate_distance": {"executed_lines": [107, 108, 109, 151, 152, 153, 154, 155, 156, 157, 158, 159, 160, 161, 162, 163, 165, 166, 167, 168], "summary": {"covered_lines": 20, "num_statements": 20, "percent_covered": 91.66666666666667, "percent_covered_display": "92", "missing_lines": 0, "excluded_lines": 0, "percent_statements_covered": 100.0, "percent_statements_covered_display": "100", "num_branches": 4, "num_partial_branches": 2, "covered_branches": 2, "missing_branches": 2, "percent_branches_covered": 50.0, "percent_branches_covered_display": "50"}, "missing_lines": [], "excluded_lines": [], "start_line": 105, "executed_branches": [[165, 166], [167, 168]], "missing_branches": [[165, 167], [167, -105]]}, "main": {"executed_lines": [172, 173, 175, 176, 177, 179, 180, 181, 182, 185, 186, 187, 188, 190, 191, 192, 193, 195, 196, 197, 199, 200, 201, 203, 204, 205, 210, 211, 212, 213, 215, 216, 217, 219, 220, 221, 225, 226], "summary": {"covered_lines": 38, "num_statements": 43, "percent_covered": 85.96491228070175, "percent_covered_display": "86", "missing_lines": 5, "excluded_lines": 0, "percent_statements_covered": 88.37209302325581, "percent_statements_covered_display": "88", "num_branches": 14, "num_partial_branches": 3, "covered_branches": 11, "missing_branches": 3, "percent_branches_covered": 78.57142857142857, "percent_branches_covered_display": "79"}, "missing_lines": [183, 184, 206, 207, 208], "excluded_lines": [], "start_line": 171, "executed_branches": [[175, 176], [175, 179], [182, 185], [195, 196], [195, 199], [199, 200], [199, 203], [205, 210], [212, 213], [219, 220], [219, 225]], "missing_branches": [[182, 183], [205, 206], [212, 215]]}, "": {"executed_lines": [62, 63, 64, 65, 66, 67, 68, 69, 70, 73, 77, 79, 80, 81, 83, 85, 105, 171, 228], "summary": {"covered_lines": 19, "num_statements": 20, "percent_covered": 92.3076923076923, "percent_covered_display": "92", "missing_lines": 1, "excluded_lines": 0, "percent_statements_covered": 95.0, "percent_statements_covered_display": "95", "num_branches": 6, "num_partial_branches": 1, "covered_branches": 5, "missing_branches": 1, "percent_branches_covered": 83.33333333333333, "percent_branches_covered_display": "83"}, "missing_lines": [229], "excluded_lines": [], "start_line": 1, "executed_branches": [[79, 80], [79, 83], [80, 79], [80, 81], [228, -1]], "missing_branches": [[228, 229]]}}, "classes": {"": {"executed_lines": [62, 63, 64, 65, 66, 67, 68, 69, 70, 73, 77, 79, 80, 81, 83, 85, 96, 97, 98, 99, 100, 101, 102, 103, 105, 107, 108, 109, 151, 152, 153, 154, 155, 156, 157, 158, 159, 160, 161, 162, 163, 165, 166, 167, 168, 171, 172, 173, 175, 176, 177, 179, 180, 181, 182, 185, 186, 187, 188, 190, 191, 192, 193, 195, 196, 197, 199, 200, 201, 203, 204, 205, 210, 211, 212, 213, 215, 216, 217, 219, 220, 221, 225, 226, 228], "summary": {"covered_lines": 85, "num_statements": 91, "percent_covered": 89.56521739130434, "percent_covered_display": "90", "missing_lines": 6, "excluded_lines": 0, "percent_statements_covered": 93.4065934065934, "percent_statements_covered_display": "93", "num_branches": 24, "num_partial_branches": 6, "covered_branches": 18, "missing_branches": 6, "percent_branches_covered": 75.0, "percent_branches_covered_display": "75"}, "missing_lines": [183, 184, 206, 207, 208, 229], "excluded_lines": [], "start_line": 1, "executed_branches": [[79, 80], [79, 83], [80, 79], [80, 81], [165, 166], [167, 168], [175, 176], [175, 179], [182, 185], [195, 196], [195, 199], [199, 200], [199, 203], [205, 210], [212, 213], [219, 220], [219, 225], [228, -1]], "missing_branches": [[165, 167], [167, -105], [182, 183], [205, 206], [212, 215], [228, 229]]}}}, "research_code\\get_linestrings_from_tiles.py": {"executed_lines": [41, 42, 43, 44, 45, 46, 47, 48, 49, 52, 56, 58, 59, 60, 62, 79, 80, 81, 82, 83, 85, 87, 88, 89, 90, 91, 92, 93, 94, 95, 96, 97, 98, 99, 100, 102, 103, 105, 122, 124, 125, 127, 128, 130, 131, 132, 133, 135, 137, 138, 139, 140, 142, 143, 144, 146, 147, 148, 149, 150, 154, 156, 157, 159, 160, 162, 163, 165, 166, 167, 169, 170, 171, 173, 174, 175, 178, 179, 180, 181, 184, 186, 188, 189, 190, 192, 193, 194, 196, 198, 199, 200, 203, 204, 205, 206, 207, 208, 210, 211, 212, 213, 216, 217, 218, 219, 220, 222, 223, 224, 226], "summary": {"covered_lines": 111, "num_statements": 114, "percent_covered": 94.52054794520548, "percent_covered_display": "95", "missing_lines": 3, "excluded_lines": 0, "percent_statements_covered": 97.36842105263158, "percent_statements_covered_display": "97", "num_branches": 32, "num_partial_branches": 5, "covered_branches": 27, "missing_branches": 5, "percent_branches_covered": 84.375, "percent_branches_covered_display": "84"}, "missing_lines": [152, 201, 215], "excluded_lines": [], "executed_branches": [[58, 59], [58, 62], [59, 58], [59, 60], [88, 89], [88, 102], [127, 128], [127, 135], [130, 131], [130, 132], [132, 133], [137, 138], [137, 142], [146, 147], [156, -1], [156, 157], [178, 179], [178, 184], [179, 178], [179, 180], [188, 189], [188, 226], [198, 199], [198, 210], [200, 203], [210, 211], [212, 213]], "missing_branches": [[132, 127], [146, 152], [200, 201], [210, 188], [212, 215]], "functions": {"download_and_process_tile": {"executed_lines": [79, 80, 81, 82, 83, 85, 87, 88, 89, 90, 91, 92, 93, 94, 95, 96, 97, 98, 99, 100, 102, 103], "summary": {"covered_lines": 22, "num_statements": 22, "percent_covered": 100.0, "percent_covered_display": "100", "missing_lines": 0, "excluded_lines": 0, "percent_statements_covered": 100.0, "percent_statements_covered_display": "100", "num_branches": 2, "num_partial_branches": 0, "covered_branches": 2, "missing_branches": 0, "percent_branches_covered": 100.0, "percent_branches_covered_display": "100"}, "missing_lines": [], "excluded_lines": [], "start_line": 62, "executed_branches": [[88, 89], [88, 102]], "missing_branches": []}, "process_tile_file": {"executed_lines": [122, 124, 125, 127, 128, 130, 131, 132, 133, 135, 137, 138, 139, 140, 142, 143, 144, 146, 147, 148, 149, 150, 154], "summary": {"covered_lines": 23, "num_statements": 24, "percent_covered": 91.17647058823529, "percent_covered_display": "91", "missing_lines": 1, "excluded_lines": 0, "percent_statements_covered": 95.83333333333333, "percent_statements_covered_display": "96", "num_branches": 10, "num_partial_branches": 2, "covered_branches": 8, "missing_branches": 2, "percent_branches_covered": 80.0, "percent_branches_covered_display": "80"}, "missing_lines": [152], "excluded_lines": [], "start_line": 105, "executed_branches": [[127, 128], [127, 135], [130, 131], [130, 132], [132, 133], [137, 138], [137, 142], [146, 147]], "missing_branches": [[132, 127], [146, 152]]}, "": {"executed_lines": [41, 42, 43, 44, 45, 46, 47, 48, 49, 52, 56, 58, 59, 60, 62, 105, 156, 157, 159, 160, 162, 163, 165, 166, 167, 169, 170, 171, 173, 174, 175, 178, 179, 180, 181, 184, 186, 188, 189, 190, 192, 193, 194, 196, 198, 199, 200, 203, 204, 205, 206, 207, 208, 210, 211, 212, 213, 216, 217, 218, 219, 220, 222, 223, 224, 226], "summary": {"covered_lines": 66, "num_statements": 68, "percent_covered": 94.31818181818181, "percent_covered_display": "94", "missing_lines": 2, "excluded_lines": 0, "percent_statements_covered": 97.05882352941177, "percent_statements_covered_display": "97", "num_branches": 20, "num_partial_branches": 3, "covered_branches": 17, "missing_branches": 3, "percent_branches_covered": 85.0, "percent_branches_covered_display": "85"}, "missing_lines": [201, 215], "excluded_lines": [], "start_line": 1, "executed_branches": [[58, 59], [58, 62], [59, 58], [59, 60], [156, -1], [156, 157], [178, 179], [178, 184], [179, 178], [179, 180], [188, 189], [188, 226], [198, 199], [198, 210], [200, 203], [210, 211], [212, 213]], "missing_branches": [[200, 201], [210, 188], [212, 215]]}}, "classes": {"": {"executed_lines": [41, 42, 43, 44, 45, 46, 47, 48, 49, 52, 56, 58, 59, 60, 62, 79, 80, 81, 82, 83, 85, 87, 88, 89, 90, 91, 92, 93, 94, 95, 96, 97, 98, 99, 100, 102, 103, 105, 122, 124, 125, 127, 128, 130, 131, 132, 133, 135, 137, 138, 139, 140, 142, 143, 144, 146, 147, 148, 149, 150, 154, 156, 157, 159, 160, 162, 163, 165, 166, 167, 169, 170, 171, 173, 174, 175, 178, 179, 180, 181, 184, 186, 188, 189, 190, 192, 193, 194, 196, 198, 199, 200, 203, 204, 205, 206, 207, 208, 210, 211, 212, 213, 216, 217, 218, 219, 220, 222, 223, 224, 226], "summary": {"covered_lines": 111, "num_statements": 114, "percent_covered": 94.52054794520548, "percent_covered_display": "95", "missing_lines": 3, "excluded_lines": 0, "percent_statements_covered": 97.36842105263158, "percent_statements_covered_display": "97", "num_branches": 32, "num_partial_branches": 5, "covered_branches": 27, "missing_branches": 5, "percent_branches_covered": 84.375, "percent_branches_covered_display": "84"}, "missing_lines": [152, 201, 215], "excluded_lines": [], "start_line": 1, "executed_branches": [[58, 59], [58, 62], [59, 58], [59, 60], [88, 89], [88, 102], [127, 128], [127, 135], [130, 131], [130, 132], [132, 133], [137, 138], [137, 142], [146, 147], [156, -1], [156, 157], [178, 179], [178, 184], [179, 178], [179, 180], [188, 189], [188, 226], [198, 199], [198, 210], [200, 203], [210, 211], [212, 213]], "missing_branches": [[132, 127], [146, 152], [200, 201], [210, 188], [212, 215]]}}}, "research_code\\get_metadata.py": {"executed_lines": [16, 17, 18, 19, 20, 21, 22, 23, 26, 32, 33, 34, 35, 37, 55, 56, 57, 59, 60, 63, 64, 65, 66, 68, 71, 72, 73, 75, 76, 77, 79, 80, 81, 83, 84, 85, 89, 113, 116, 117, 118, 119, 120, 121, 122, 124, 128, 129, 131, 132, 134, 135, 136, 137, 138, 139, 140, 141, 149, 156, 157, 159, 160, 161, 162, 163, 164, 166, 168, 182, 186, 187, 188, 189, 192, 193, 196, 197, 199, 201, 202, 203, 206, 207, 210, 213, 214, 215, 216, 217, 219, 221], "summary": {"covered_lines": 92, "num_statements": 99, "percent_covered": 92.56198347107438, "percent_covered_display": "93", "missing_lines": 7, "excluded_lines": 0, "percent_statements_covered": 92.92929292929293, "percent_statements_covered_display": "93", "num_branches": 22, "num_partial_branches": 2, "covered_branches": 20, "missing_branches": 2, "percent_branches_covered": 90.9090909090909, "percent_branches_covered_display": "91"}, "missing_lines": [86, 87, 125, 126, 183, 184, 222], "excluded_lines": [], "executed_branches": [[63, 64], [63, 68], [75, 76], [75, 79], [79, 80], [79, 83], [117, 118], [117, 128], [120, 121], [120, 124], [138, 139], [138, 141], [182, 186], [199, 201], [199, 206], [214, 215], [214, 219], [216, 214], [216, 217], [221, -1]], "missing_branches": [[182, 183], [221, 222]], "functions": {"process_single_tile": {"executed_lines": [55, 56, 57, 59, 60, 63, 64, 65, 66, 68, 71, 72, 73, 75, 76, 77, 79, 80, 81, 83, 84, 85], "summary": {"covered_lines": 22, "num_statements": 24, "percent_covered": 93.33333333333333, "percent_covered_display": "93", "missing_lines": 2, "excluded_lines": 0, "percent_statements_covered": 91.66666666666667, "percent_statements_covered_display": "92", "num_branches": 6, "num_partial_branches": 0, "covered_branches": 6, "missing_branches": 0, "percent_branches_covered": 100.0, "percent_branches_covered_display": "100"}, "missing_lines": [86, 87], "excluded_lines": [], "start_line": 37, "executed_branches": [[63, 64], [63, 68], [75, 76], [75, 79], [79, 80], [79, 83]], "missing_branches": []}, "main": {"executed_lines": [113, 116, 117, 118, 119, 120, 121, 122, 124, 128, 129, 131, 132, 134, 135, 136, 137, 138, 139, 140, 141, 149, 156, 157, 159, 160, 161, 162, 163, 164, 166, 168, 182, 186, 187, 188, 189, 192, 193, 196, 197, 199, 201, 202, 203, 206, 207, 210, 213, 214, 215, 216, 217, 219], "summary": {"covered_lines": 54, "num_statements": 58, "percent_covered": 93.05555555555556, "percent_covered_display": "93", "missing_lines": 4, "excluded_lines": 0, "percent_statements_covered": 93.10344827586206, "percent_statements_covered_display": "93", "num_branches": 14, "num_partial_branches": 1, "covered_branches": 13, "missing_branches": 1, "percent_branches_covered": 92.85714285714286, "percent_branches_covered_display": "93"}, "missing_lines": [125, 126, 183, 184], "excluded_lines": [], "start_line": 89, "executed_branches": [[117, 118], [117, 128], [120, 121], [120, 124], [138, 139], [138, 141], [182, 186], [199, 201], [199, 206], [214, 215], [214, 219], [216, 214], [216, 217]], "missing_branches": [[182, 183]]}, "": {"executed_lines": [16, 17, 18, 19, 20, 21, 22, 23, 26, 32, 33, 34, 35, 37, 89, 221], "summary": {"covered_lines": 16, "num_statements": 17, "percent_covered": 89.47368421052632, "percent_covered_display": "89", "missing_lines": 1, "excluded_lines": 0, "percent_statements_covered": 94.11764705882354, "percent_statements_covered_display": "94", "num_branches": 2, "num_partial_branches": 1, "covered_branches": 1, "missing_branches": 1, "percent_branches_covered": 50.0, "percent_branches_covered_display": "50"}, "missing_lines": [222], "excluded_lines": [], "start_line": 1, "executed_branches": [[221, -1]], "missing_branches": [[221, 222]]}}, "classes": {"": {"executed_lines": [16, 17, 18, 19, 20, 21, 22, 23, 26, 32, 33, 34, 35, 37, 55, 56, 57, 59, 60, 63, 64, 65, 66, 68, 71, 72, 73, 75, 76, 77, 79, 80, 81, 83, 84, 85, 89, 113, 116, 117, 118, 119, 120, 121, 122, 124, 128, 129, 131, 132, 134, 135, 136, 137, 138, 139, 140, 141, 149, 156, 157, 159, 160, 161, 162, 163, 164, 166, 168, 182, 186, 187, 188, 189, 192, 193, 196, 197, 199, 201, 202, 203, 206, 207, 210, 213, 214, 215, 216, 217, 219, 221], "summary": {"covered_lines": 92, "num_statements": 99, "percent_covered": 92.56198347107438, "percent_covered_display": "93", "missing_lines": 7, "excluded_lines": 0, "percent_statements_covered": 92.92929292929293, "percent_statements_covered_display": "93", "num_branches": 22, "num_partial_branches": 2, "covered_branches": 20, "missing_branches": 2, "percent_branches_covered": 90.9090909090909, "percent_branches_covered_display": "91"}, "missing_lines": [86, 87, 125, 126, 183, 184, 222], "excluded_lines": [], "start_line": 1, "executed_branches": [[63, 64], [63, 68], [75, 76], [75, 79], [79, 80], [79, 83], [117, 118], [117, 128], [120, 121], [120, 124], [138, 139], [138, 141], [182, 186], [199, 201], [199, 206], [214, 215], [214, 219], [216, 214], [216, 217], [221, -1]], "missing_branches": [[182, 183], [221, 222]]}}}, "research_code\\get_nearest_osm_segments.py": {"executed_lines": [1, 2, 3, 4, 5, 6, 7, 8, 9, 11, 12, 13, 14, 16, 17, 19, 20, 120, 121, 122, 123, 124, 125, 126, 127, 128, 129, 130, 131, 133, 134, 135, 136, 138, 139, 140, 143, 144, 145, 147, 148, 149, 150, 154, 155, 156, 157, 158, 159, 161, 162, 164, 165, 166, 168, 169, 170, 171, 172, 174, 175, 176, 177, 178, 179, 180, 182, 184], "summary": {"covered_lines": 68, "num_statements": 71, "percent_covered": 92.3076923076923, "percent_covered_display": "92", "missing_lines": 3, "excluded_lines": 0, "percent_statements_covered": 95.77464788732394, "percent_statements_covered_display": "96", "num_branches": 20, "num_partial_branches": 4, "covered_branches": 16, "missing_branches": 4, "percent_branches_covered": 80.0, "percent_branches_covered_display": "80"}, "missing_lines": [151, 152, 185], "excluded_lines": [], "executed_branches": [[133, 134], [135, 136], [143, 144], [143, 147], [150, 154], [156, 157], [156, 159], [164, -138], [164, 165], [165, 166], [165, 168], [170, 171], [170, 174], [179, 180], [179, 182], [184, -1]], "missing_branches": [[133, 135], [135, -19], [150, 151], [184, 185]], "functions": {"create_mask": {"executed_lines": [12, 13, 14], "summary": {"covered_lines": 3, "num_statements": 3, "percent_covered": 100.0, "percent_covered_display": "100", "missing_lines": 0, "excluded_lines": 0, "percent_statements_covered": 100.0, "percent_statements_covered_display": "100", "num_branches": 0, "num_partial_branches": 0, "covered_branches": 0, "missing_branches": 0, "percent_branches_covered": 100.0, "percent_branches_covered_display": "100"}, "missing_lines": [], "excluded_lines": [], "start_line": 11, "executed_branches": [], "missing_branches": []}, "extract_first": {"executed_lines": [17], "summary": {"covered_lines": 1, "num_statements": 1, "percent_covered": 100.0, "percent_covered_display": "100", "missing_lines": 0, "excluded_lines": 0, "percent_statements_covered": 100.0, "percent_statements_covered_display": "100", "num_branches": 0, "num_partial_branches": 0, "covered_branches": 0, "missing_branches": 0, "percent_branches_covered": 100.0, "percent_branches_covered_display": "100"}, "missing_lines": [], "excluded_lines": [], "start_line": 16, "executed_branches": [], "missing_branches": []}, "process_one_file": {"executed_lines": [20, 120, 121, 122, 123, 124, 125, 126, 127, 128, 129, 130, 131, 133, 134, 135, 136], "summary": {"covered_lines": 17, "num_statements": 17, "percent_covered": 90.47619047619048, "percent_covered_display": "90", "missing_lines": 0, "excluded_lines": 0, "percent_statements_covered": 100.0, "percent_statements_covered_display": "100", "num_branches": 4, "num_partial_branches": 2, "covered_branches": 2, "missing_branches": 2, "percent_branches_covered": 50.0, "percent_branches_covered_display": "50"}, "missing_lines": [], "excluded_lines": [], "start_line": 19, "executed_branches": [[133, 134], [135, 136]], "missing_branches": [[133, 135], [135, -19]]}, "main": {"executed_lines": [139, 140, 143, 144, 145, 147, 148, 149, 150, 154, 155, 156, 157, 158, 159, 161, 162, 164, 165, 166, 168, 169, 170, 171, 172, 174, 175, 176, 177, 178, 179, 180, 182], "summary": {"covered_lines": 33, "num_statements": 35, "percent_covered": 93.87755102040816, "percent_covered_display": "94", "missing_lines": 2, "excluded_lines": 0, "percent_statements_covered": 94.28571428571429, "percent_statements_covered_display": "94", "num_branches": 14, "num_partial_branches": 1, "covered_branches": 13, "missing_branches": 1, "percent_branches_covered": 92.85714285714286, "percent_branches_covered_display": "93"}, "missing_lines": [151, 152], "excluded_lines": [], "start_line": 138, "executed_branches": [[143, 144], [143, 147], [150, 154], [156, 157], [156, 159], [164, -138], [164, 165], [165, 166], [165, 168], [170, 171], [170, 174], [179, 180], [179, 182]], "missing_branches": [[150, 151]]}, "": {"executed_lines": [1, 2, 3, 4, 5, 6, 7, 8, 9, 11, 16, 19, 138, 184], "summary": {"covered_lines": 14, "num_statements": 15, "percent_covered": 88.23529411764706, "percent_covered_display": "88", "missing_lines": 1, "excluded_lines": 0, "percent_statements_covered": 93.33333333333333, "percent_statements_covered_display": "93", "num_branches": 2, "num_partial_branches": 1, "covered_branches": 1, "missing_branches": 1, "percent_branches_covered": 50.0, "percent_branches_covered_display": "50"}, "missing_lines": [185], "excluded_lines": [], "start_line": 1, "executed_branches": [[184, -1]], "missing_branches": [[184, 185]]}}, "classes": {"": {"executed_lines": [1, 2, 3, 4, 5, 6, 7, 8, 9, 11, 12, 13, 14, 16, 17, 19, 20, 120, 121, 122, 123, 124, 125, 126, 127, 128, 129, 130, 131, 133, 134, 135, 136, 138, 139, 140, 143, 144, 145, 147, 148, 149, 150, 154, 155, 156, 157, 158, 159, 161, 162, 164, 165, 166, 168, 169, 170, 171, 172, 174, 175, 176, 177, 178, 179, 180, 182, 184], "summary": {"covered_lines": 68, "num_statements": 71, "percent_covered": 92.3076923076923, "percent_covered_display": "92", "missing_lines": 3, "excluded_lines": 0, "percent_statements_covered": 95.77464788732394, "percent_statements_covered_display": "96", "num_branches": 20, "num_partial_branches": 4, "covered_branches": 16, "missing_branches": 4, "percent_branches_covered": 80.0, "percent_branches_covered_display": "80"}, "missing_lines": [151, 152, 185], "excluded_lines": [], "start_line": 1, "executed_branches": [[133, 134], [135, 136], [143, 144], [143, 147], [150, 154], [156, 157], [156, 159], [164, -138], [164, 165], [165, 166], [165, 168], [170, 171], [170, 174], [179, 180], [179, 182], [184, -1]], "missing_branches": [[133, 135], [135, -19], [150, 151], [184, 185]]}}}, "research_code\\highways_sort.py": {"executed_lines": [64, 65, 66, 67, 68, 69, 70, 71, 72, 73, 76, 80, 82, 83, 84, 86, 104, 105, 106, 107, 108, 110, 150, 151, 152, 153, 154, 155, 156, 157, 159, 160, 161, 162, 164, 165, 166, 167, 168, 169, 170, 171, 173, 174, 175, 176, 177, 179, 180, 181, 182, 183, 185, 203, 204, 205, 206, 207, 208, 210, 211, 212, 213, 214, 216, 221, 222, 223, 224, 225, 226, 227, 228, 229, 230, 233, 234, 235, 237, 238, 239, 241, 242, 243, 244, 245, 255, 256, 257, 258, 259, 260, 261, 262, 263, 264, 265, 268, 269, 270, 272, 273, 275, 276, 277, 278, 279, 280, 281, 283, 284, 285, 286, 287, 289, 305, 306, 308, 309, 310, 312, 313, 314, 316, 317, 318, 320, 321, 322, 323, 324, 325, 326, 333, 334, 338, 364, 370, 371, 372, 373, 378, 380, 382, 384, 394, 395, 399, 402, 413, 414, 415, 416, 418, 419, 420, 421, 422, 424, 425, 427, 432, 433, 435, 437, 438, 439, 440, 441, 442, 443, 445, 446, 447, 448, 450, 451, 452, 454, 465, 467, 468, 470, 471, 473, 475], "summary": {"covered_lines": 186, "num_statements": 194, "percent_covered": 94.39655172413794, "percent_covered_display": "94", "missing_lines": 8, "excluded_lines": 0, "percent_statements_covered": 95.87628865979381, "percent_statements_covered_display": "96", "num_branches": 38, "num_partial_branches": 5, "covered_branches": 33, "missing_branches": 5, "percent_branches_covered": 86.84210526315789, "percent_branches_covered_display": "87"}, "missing_lines": [328, 329, 330, 331, 335, 336, 397, 476], "excluded_lines": [], "executed_branches": [[82, 83], [82, 86], [83, 82], [83, 84], [106, 107], [160, 161], [160, 173], [179, 180], [179, 181], [206, 207], [222, 223], [222, 233], [233, 234], [233, 237], [237, 238], [237, 241], [243, 244], [243, 275], [256, 257], [256, 268], [268, 269], [268, 272], [283, 284], [283, 285], [322, 323], [322, 333], [325, 326], [371, 372], [371, 380], [394, 395], [450, 451], [450, 454], [475, -1]], "missing_branches": [[106, 110], [206, 210], [325, 328], [394, 397], [475, 476]], "functions": {"filter_and_copy_file": {"executed_lines": [104, 105, 106, 107, 108, 110, 150, 151, 152, 153, 154, 155, 156, 157, 159, 160, 161, 162, 164, 165, 166, 167, 168, 169, 170, 171, 173, 174, 175, 176, 177, 179, 180, 181, 182, 183], "summary": {"covered_lines": 36, "num_statements": 36, "percent_covered": 97.61904761904762, "percent_covered_display": "98", "missing_lines": 0, "excluded_lines": 0, "percent_statements_covered": 100.0, "percent_statements_covered_display": "100", "num_branches": 6, "num_partial_branches": 1, "covered_branches": 5, "missing_branches": 1, "percent_branches_covered": 83.33333333333333, "percent_branches_covered_display": "83"}, "missing_lines": [], "excluded_lines": [], "start_line": 86, "executed_branches": [[106, 107], [160, 161], [160, 173], [179, 180], [179, 181]], "missing_branches": [[106, 110]]}, "process_single_tile": {"executed_lines": [203, 204, 205, 206, 207, 208, 210, 211, 212, 213, 214, 216, 221, 222, 223, 224, 225, 226, 227, 228, 229, 230, 233, 234, 235, 237, 238, 239, 241, 242, 243, 244, 245, 255, 256, 257, 258, 259, 260, 261, 262, 263, 264, 265, 268, 269, 270, 272, 273, 275, 276, 277, 278, 279, 280, 281, 283, 284, 285, 286, 287], "summary": {"covered_lines": 61, "num_statements": 61, "percent_covered": 98.7012987012987, "percent_covered_display": "99", "missing_lines": 0, "excluded_lines": 0, "percent_statements_covered": 100.0, "percent_statements_covered_display": "100", "num_branches": 16, "num_partial_branches": 1, "covered_branches": 15, "missing_branches": 1, "percent_branches_covered": 93.75, "percent_branches_covered_display": "94"}, "missing_lines": [], "excluded_lines": [], "start_line": 185, "executed_branches": [[206, 207], [222, 223], [222, 233], [233, 234], [233, 237], [237, 238], [237, 241], [243, 244], [243, 275], [256, 257], [256, 268], [268, 269], [268, 272], [283, 284], [283, 285]], "missing_branches": [[206, 210]]}, "hive_partition_osm": {"executed_lines": [305, 306, 308, 309, 310, 312, 313, 314, 316, 317, 318, 320, 321, 322, 323, 324, 325, 326, 333, 334], "summary": {"covered_lines": 20, "num_statements": 26, "percent_covered": 76.66666666666667, "percent_covered_display": "77", "missing_lines": 6, "excluded_lines": 0, "percent_statements_covered": 76.92307692307692, "percent_statements_covered_display": "77", "num_branches": 4, "num_partial_branches": 1, "covered_branches": 3, "missing_branches": 1, "percent_branches_covered": 75.0, "percent_branches_covered_display": "75"}, "missing_lines": [328, 329, 330, 331, 335, 336], "excluded_lines": [], "start_line": 289, "executed_branches": [[322, 323], [322, 333], [325, 326]], "missing_branches": [[325, 328]]}, "process_file": {"executed_lines": [364, 370, 371, 372, 373, 378, 380, 382, 384, 394, 395, 399], "summary": {"covered_lines": 12, "num_statements": 13, "percent_covered": 88.23529411764706, "percent_covered_display": "88", "missing_lines": 1, "excluded_lines": 0, "percent_statements_covered": 92.3076923076923, "percent_statements_covered_display": "92", "num_branches": 4, "num_partial_branches": 1, "covered_branches": 3, "missing_branches": 1, "percent_branches_covered": 75.0, "percent_branches_covered_display": "75"}, "missing_lines": [397], "excluded_lines": [], "start_line": 338, "executed_branches": [[371, 372], [371, 380], [394, 395]], "missing_branches": [[394, 397]]}, "main": {"executed_lines": [413, 414, 415, 416, 418, 419, 420, 421, 422, 424, 425, 427, 432, 433, 435, 437, 438, 439, 440, 441, 442, 443, 445, 446, 447, 448, 450, 451, 452, 454, 465, 467, 468, 470, 471, 473], "summary": {"covered_lines": 36, "num_statements": 36, "percent_covered": 100.0, "percent_covered_display": "100", "missing_lines": 0, "excluded_lines": 0, "percent_statements_covered": 100.0, "percent_statements_covered_display": "100", "num_branches": 2, "num_partial_branches": 0, "covered_branches": 2, "missing_branches": 0, "percent_branches_covered": 100.0, "percent_branches_covered_display": "100"}, "missing_lines": [], "excluded_lines": [], "start_line": 402, "executed_branches": [[450, 451], [450, 454]], "missing_branches": []}, "": {"executed_lines": [64, 65, 66, 67, 68, 69, 70, 71, 72, 73, 76, 80, 82, 83, 84, 86, 185, 289, 338, 402, 475], "summary": {"covered_lines": 21, "num_statements": 22, "percent_covered": 92.85714285714286, "percent_covered_display": "93", "missing_lines": 1, "excluded_lines": 0, "percent_statements_covered": 95.45454545454545, "percent_statements_covered_display": "95", "num_branches": 6, "num_partial_branches": 1, "covered_branches": 5, "missing_branches": 1, "percent_branches_covered": 83.33333333333333, "percent_branches_covered_display": "83"}, "missing_lines": [476], "excluded_lines": [], "start_line": 1, "executed_branches": [[82, 83], [82, 86], [83, 82], [83, 84], [475, -1]], "missing_branches": [[475, 476]]}}, "classes": {"": {"executed_lines": [64, 65, 66, 67, 68, 69, 70, 71, 72, 73, 76, 80, 82, 83, 84, 86, 104, 105, 106, 107, 108, 110, 150, 151, 152, 153, 154, 155, 156, 157, 159, 160, 161, 162, 164, 165, 166, 167, 168, 169, 170, 171, 173, 174, 175, 176, 177, 179, 180, 181, 182, 183, 185, 203, 204, 205, 206, 207, 208, 210, 211, 212, 213, 214, 216, 221, 222, 223, 224, 225, 226, 227, 228, 229, 230, 233, 234, 235, 237, 238, 239, 241, 242, 243, 244, 245, 255, 256, 257, 258, 259, 260, 261, 262, 263, 264, 265, 268, 269, 270, 272, 273, 275, 276, 277, 278, 279, 280, 281, 283, 284, 285, 286, 287, 289, 305, 306, 308, 309, 310, 312, 313, 314, 316, 317, 318, 320, 321, 322, 323, 324, 325, 326, 333, 334, 338, 364, 370, 371, 372, 373, 378, 380, 382, 384, 394, 395, 399, 402, 413, 414, 415, 416, 418, 419, 420, 421, 422, 424, 425, 427, 432, 433, 435, 437, 438, 439, 440, 441, 442, 443, 445, 446, 447, 448, 450, 451, 452, 454, 465, 467, 468, 470, 471, 473, 475], "summary": {"covered_lines": 186, "num_statements": 194, "percent_covered": 94.39655172413794, "percent_covered_display": "94", "missing_lines": 8, "excluded_lines": 0, "percent_statements_covered": 95.87628865979381, "percent_statements_covered_display": "96", "num_branches": 38, "num_partial_branches": 5, "covered_branches": 33, "missing_branches": 5, "percent_branches_covered": 86.84210526315789, "percent_branches_covered_display": "87"}, "missing_lines": [328, 329, 330, 331, 335, 336, 397, 476], "excluded_lines": [], "start_line": 1, "executed_branches": [[82, 83], [82, 86], [83, 82], [83, 84], [106, 107], [160, 161], [160, 173], [179, 180], [179, 181], [206, 207], [222, 223], [222, 233], [233, 234], [233, 237], [237, 238], [237, 241], [243, 244], [243, 275], [256, 257], [256, 268], [268, 269], [268, 272], [283, 284], [283, 285], [322, 323], [322, 333], [325, 326], [371, 372], [371, 380], [394, 395], [450, 451], [450, 454], [475, -1]], "missing_branches": [[106, 110], [206, 210], [325, 328], [394, 397], [475, 476]]}}}, "research_code\\image_download.py": {"executed_lines": [13, 14, 15, 16, 17, 18, 19, 20, 21, 23, 29, 30, 31, 32, 33, 34, 35, 36, 42, 55, 56, 57, 58, 59, 60, 61, 63, 77, 78, 79, 80, 81, 82, 83, 84, 85, 86, 87, 88, 89, 90, 96, 107, 108, 109, 110, 111, 112, 113, 116, 117, 124, 141, 142, 143, 145, 146, 147, 148, 150, 151, 152, 153, 154, 155, 156, 157, 160, 161, 163, 164, 165, 167, 168, 169, 170, 174, 175, 176, 178, 192, 193, 194, 196, 197, 198, 199, 200, 201, 202, 203, 204, 205, 209, 210, 212, 230, 231, 232, 234, 235, 236, 237, 238, 239, 240, 241, 243, 262, 263, 264, 265, 266, 267, 268, 269, 270, 272, 289, 290, 291, 295, 296, 297, 298, 299, 300, 301, 302, 303, 306, 308, 309, 310, 311, 313, 314, 315, 317, 318, 319, 320, 321, 322, 325, 330, 345, 346, 347, 357, 360, 362, 363, 365, 369, 372, 395, 396, 397, 398, 399, 402, 403, 404, 405, 407, 412, 413, 414, 416, 417, 419, 420, 421, 422, 424, 425, 426, 427, 438, 441, 443, 445, 448, 449, 468, 469, 470, 471, 474, 475, 476, 477, 478, 479, 481, 482, 483, 485, 486, 487, 488, 489, 490, 491, 492, 493, 494, 496, 526], "summary": {"covered_lines": 210, "num_statements": 240, "percent_covered": 86.58536585365853, "percent_covered_display": "87", "missing_lines": 30, "excluded_lines": 0, "percent_statements_covered": 87.5, "percent_statements_covered_display": "88", "num_branches": 88, "num_partial_branches": 14, "covered_branches": 74, "missing_branches": 14, "percent_branches_covered": 84.0909090909091, "percent_branches_covered_display": "84"}, "missing_lines": [114, 115, 118, 119, 120, 121, 122, 158, 171, 172, 173, 206, 207, 323, 324, 370, 439, 497, 498, 499, 500, 502, 503, 505, 506, 507, 509, 510, 513, 524], "excluded_lines": [], "executed_branches": [[55, -42], [55, 56], [58, -42], [58, 59], [59, 60], [60, -42], [60, 61], [77, -63], [77, 78], [80, 81], [80, 82], [82, -63], [82, 83], [83, 84], [84, 85], [84, 90], [87, 88], [109, 110], [109, 112], [113, 116], [116, 117], [145, 146], [145, 174], [152, 153], [155, 156], [160, 161], [160, 167], [174, 175], [174, 176], [193, 194], [193, 209], [197, 198], [197, 203], [198, 199], [198, 201], [203, 204], [236, 237], [264, 265], [264, 269], [266, 264], [266, 267], [269, -243], [269, 270], [289, 290], [289, 325], [295, 289], [295, 296], [296, 297], [296, 298], [298, 299], [298, 301], [302, 303], [302, 306], [309, 310], [309, 313], [317, 295], [317, 318], [318, 319], [318, 320], [320, 321], [345, 346], [345, 347], [362, 363], [362, 365], [369, -360], [403, 404], [403, 407], [404, 405], [438, 441], [448, -1], [448, 449], [487, 488], [487, 489], [496, 526]], "missing_branches": [[59, 55], [83, 77], [87, 89], [113, 114], [116, 118], [152, 155], [155, 158], [203, 210], [236, 241], [320, 317], [369, 370], [404, 403], [438, 439], [496, 497]], "functions": {"monitor_connections": {"executed_lines": [55, 56, 57, 58, 59, 60, 61], "summary": {"covered_lines": 7, "num_statements": 7, "percent_covered": 93.33333333333333, "percent_covered_display": "93", "missing_lines": 0, "excluded_lines": 0, "percent_statements_covered": 100.0, "percent_statements_covered_display": "100", "num_branches": 8, "num_partial_branches": 1, "covered_branches": 7, "missing_branches": 1, "percent_branches_covered": 87.5, "percent_branches_covered_display": "88"}, "missing_lines": [], "excluded_lines": [], "start_line": 42, "executed_branches": [[55, -42], [55, 56], [58, -42], [58, 59], [59, 60], [60, -42], [60, 61]], "missing_branches": [[59, 55]]}, "write_missing_images": {"executed_lines": [77, 78, 79, 80, 81, 82, 83, 84, 85, 86, 87, 88, 89, 90], "summary": {"covered_lines": 14, "num_statements": 14, "percent_covered": 92.3076923076923, "percent_covered_display": "92", "missing_lines": 0, "excluded_lines": 0, "percent_statements_covered": 100.0, "percent_statements_covered_display": "100", "num_branches": 12, "num_partial_branches": 2, "covered_branches": 10, "missing_branches": 2, "percent_branches_covered": 83.33333333333333, "percent_branches_covered_display": "83"}, "missing_lines": [], "excluded_lines": [], "start_line": 63, "executed_branches": [[77, -63], [77, 78], [80, 81], [80, 82], [82, -63], [82, 83], [83, 84], [84, 85], [84, 90], [87, 88]], "missing_branches": [[83, 77], [87, 89]]}, "fetch_image": {"executed_lines": [107, 108, 109, 110, 111, 112, 113, 116, 117], "summary": {"covered_lines": 9, "num_statements": 16, "percent_covered": 59.09090909090909, "percent_covered_display": "59", "missing_lines": 7, "excluded_lines": 0, "percent_statements_covered": 56.25, "percent_statements_covered_display": "56", "num_branches": 6, "num_partial_branches": 2, "covered_branches": 4, "missing_branches": 2, "percent_branches_covered": 66.66666666666667, "percent_branches_covered_display": "67"}, "missing_lines": [114, 115, 118, 119, 120, 121, 122], "excluded_lines": [], "start_line": 96, "executed_branches": [[109, 110], [109, 112], [113, 116], [116, 117]], "missing_branches": [[113, 114], [116, 118]]}, "get_image": {"executed_lines": [141, 142, 143, 145, 146, 147, 148, 150, 151, 152, 153, 154, 155, 156, 157, 160, 161, 163, 164, 165, 167, 168, 169, 170, 174, 175, 176], "summary": {"covered_lines": 27, "num_statements": 31, "percent_covered": 85.36585365853658, "percent_covered_display": "85", "missing_lines": 4, "excluded_lines": 0, "percent_statements_covered": 87.09677419354838, "percent_statements_covered_display": "87", "num_branches": 10, "num_partial_branches": 2, "covered_branches": 8, "missing_branches": 2, "percent_branches_covered": 80.0, "percent_branches_covered_display": "80"}, "missing_lines": [158, 171, 172, 173], "excluded_lines": [], "start_line": 124, "executed_branches": [[145, 146], [145, 174], [152, 153], [155, 156], [160, 161], [160, 167], [174, 175], [174, 176]], "missing_branches": [[152, 155], [155, 158]]}, "save_image": {"executed_lines": [192, 193, 194, 196, 197, 198, 199, 200, 201, 202, 203, 204, 205, 209, 210], "summary": {"covered_lines": 15, "num_statements": 17, "percent_covered": 88.0, "percent_covered_display": "88", "missing_lines": 2, "excluded_lines": 0, "percent_statements_covered": 88.23529411764706, "percent_statements_covered_display": "88", "num_branches": 8, "num_partial_branches": 1, "covered_branches": 7, "missing_branches": 1, "percent_branches_covered": 87.5, "percent_branches_covered_display": "88"}, "missing_lines": [206, 207], "excluded_lines": [], "start_line": 178, "executed_branches": [[193, 194], [193, 209], [197, 198], [197, 203], [198, 199], [198, 201], [203, 204]], "missing_branches": [[203, 210]]}, "process_image": {"executed_lines": [230, 231, 232, 234, 235, 236, 237, 238, 239, 240, 241], "summary": {"covered_lines": 11, "num_statements": 11, "percent_covered": 92.3076923076923, "percent_covered_display": "92", "missing_lines": 0, "excluded_lines": 0, "percent_statements_covered": 100.0, "percent_statements_covered_display": "100", "num_branches": 2, "num_partial_branches": 1, "covered_branches": 1, "missing_branches": 1, "percent_branches_covered": 50.0, "percent_branches_covered_display": "50"}, "missing_lines": [], "excluded_lines": [], "start_line": 212, "executed_branches": [[236, 237]], "missing_branches": [[236, 241]]}, "create_tasks_in_generator": {"executed_lines": [262, 263, 264, 265, 266, 267, 268, 269, 270], "summary": {"covered_lines": 9, "num_statements": 9, "percent_covered": 100.0, "percent_covered_display": "100", "missing_lines": 0, "excluded_lines": 0, "percent_statements_covered": 100.0, "percent_statements_covered_display": "100", "num_branches": 6, "num_partial_branches": 0, "covered_branches": 6, "missing_branches": 0, "percent_branches_covered": 100.0, "percent_branches_covered_display": "100"}, "missing_lines": [], "excluded_lines": [], "start_line": 243, "executed_branches": [[264, 265], [264, 269], [266, 264], [266, 267], [269, -243], [269, 270]], "missing_branches": []}, "process_tasks": {"executed_lines": [289, 290, 291, 295, 296, 297, 298, 299, 300, 301, 302, 303, 306, 308, 309, 310, 311, 313, 314, 315, 317, 318, 319, 320, 321, 322, 325], "summary": {"covered_lines": 27, "num_statements": 29, "percent_covered": 93.61702127659575, "percent_covered_display": "94", "missing_lines": 2, "excluded_lines": 0, "percent_statements_covered": 93.10344827586206, "percent_statements_covered_display": "93", "num_branches": 18, "num_partial_branches": 1, "covered_branches": 17, "missing_branches": 1, "percent_branches_covered": 94.44444444444444, "percent_branches_covered_display": "94"}, "missing_lines": [323, 324], "excluded_lines": [], "start_line": 272, "executed_branches": [[289, 290], [289, 325], [295, 289], [295, 296], [296, 297], [296, 298], [298, 299], [298, 301], [302, 303], [302, 306], [309, 310], [309, 313], [317, 295], [317, 318], [318, 319], [318, 320], [320, 321]], "missing_branches": [[320, 317]]}, "process_tasks_wrapper": {"executed_lines": [345, 346, 347, 357], "summary": {"covered_lines": 4, "num_statements": 4, "percent_covered": 100.0, "percent_covered_display": "100", "missing_lines": 0, "excluded_lines": 0, "percent_statements_covered": 100.0, "percent_statements_covered_display": "100", "num_branches": 2, "num_partial_branches": 0, "covered_branches": 2, "missing_branches": 0, "percent_branches_covered": 100.0, "percent_branches_covered_display": "100"}, "missing_lines": [], "excluded_lines": [], "start_line": 330, "executed_branches": [[345, 346], [345, 347]], "missing_branches": []}, "join_threads_with_timeout": {"executed_lines": [362, 363, 365, 369], "summary": {"covered_lines": 4, "num_statements": 5, "percent_covered": 77.77777777777777, "percent_covered_display": "78", "missing_lines": 1, "excluded_lines": 0, "percent_statements_covered": 80.0, "percent_statements_covered_display": "80", "num_branches": 4, "num_partial_branches": 1, "covered_branches": 3, "missing_branches": 1, "percent_branches_covered": 75.0, "percent_branches_covered_display": "75"}, "missing_lines": [370], "excluded_lines": [], "start_line": 360, "executed_branches": [[362, 363], [362, 365], [369, -360]], "missing_branches": [[369, 370]]}, "orchestrate": {"executed_lines": [395, 396, 397, 398, 399, 402, 403, 404, 405, 407, 412, 413, 414, 416, 417, 419, 420, 421, 422, 424, 425, 426, 427, 438, 441, 443, 445], "summary": {"covered_lines": 27, "num_statements": 28, "percent_covered": 91.17647058823529, "percent_covered_display": "91", "missing_lines": 1, "excluded_lines": 0, "percent_statements_covered": 96.42857142857143, "percent_statements_covered_display": "96", "num_branches": 6, "num_partial_branches": 2, "covered_branches": 4, "missing_branches": 2, "percent_branches_covered": 66.66666666666667, "percent_branches_covered_display": "67"}, "missing_lines": [439], "excluded_lines": [], "start_line": 372, "executed_branches": [[403, 404], [403, 407], [404, 405], [438, 441]], "missing_branches": [[404, 403], [438, 439]]}, "": {"executed_lines": [13, 14, 15, 16, 17, 18, 19, 20, 21, 23, 29, 30, 31, 32, 33, 34, 35, 36, 42, 63, 96, 124, 178, 212, 243, 272, 330, 360, 372, 448, 449, 468, 469, 470, 471, 474, 475, 476, 477, 478, 479, 481, 482, 483, 485, 486, 487, 488, 489, 490, 491, 492, 493, 494, 496, 526], "summary": {"covered_lines": 56, "num_statements": 69, "percent_covered": 81.33333333333333, "percent_covered_display": "81", "missing_lines": 13, "excluded_lines": 0, "percent_statements_covered": 81.15942028985508, "percent_statements_covered_display": "81", "num_branches": 6, "num_partial_branches": 1, "covered_branches": 5, "missing_branches": 1, "percent_branches_covered": 83.33333333333333, "percent_branches_covered_display": "83"}, "missing_lines": [497, 498, 499, 500, 502, 503, 505, 506, 507, 509, 510, 513, 524], "excluded_lines": [], "start_line": 1, "executed_branches": [[448, -1], [448, 449], [487, 488], [487, 489], [496, 526]], "missing_branches": [[496, 497]]}}, "classes": {"": {"executed_lines": [13, 14, 15, 16, 17, 18, 19, 20, 21, 23, 29, 30, 31, 32, 33, 34, 35, 36, 42, 55, 56, 57, 58, 59, 60, 61, 63, 77, 78, 79, 80, 81, 82, 83, 84, 85, 86, 87, 88, 89, 90, 96, 107, 108, 109, 110, 111, 112, 113, 116, 117, 124, 141, 142, 143, 145, 146, 147, 148, 150, 151, 152, 153, 154, 155, 156, 157, 160, 161, 163, 164, 165, 167, 168, 169, 170, 174, 175, 176, 178, 192, 193, 194, 196, 197, 198, 199, 200, 201, 202, 203, 204, 205, 209, 210, 212, 230, 231, 232, 234, 235, 236, 237, 238, 239, 240, 241, 243, 262, 263, 264, 265, 266, 267, 268, 269, 270, 272, 289, 290, 291, 295, 296, 297, 298, 299, 300, 301, 302, 303, 306, 308, 309, 310, 311, 313, 314, 315, 317, 318, 319, 320, 321, 322, 325, 330, 345, 346, 347, 357, 360, 362, 363, 365, 369, 372, 395, 396, 397, 398, 399, 402, 403, 404, 405, 407, 412, 413, 414, 416, 417, 419, 420, 421, 422, 424, 425, 426, 427, 438, 441, 443, 445, 448, 449, 468, 469, 470, 471, 474, 475, 476, 477, 478, 479, 481, 482, 483, 485, 486, 487, 488, 489, 490, 491, 492, 493, 494, 496, 526], "summary": {"covered_lines": 210, "num_statements": 240, "percent_covered": 86.58536585365853, "percent_covered_display": "87", "missing_lines": 30, "excluded_lines": 0, "percent_statements_covered": 87.5, "percent_statements_covered_display": "88", "num_branches": 88, "num_partial_branches": 14, "covered_branches": 74, "missing_branches": 14, "percent_branches_covered": 84.0909090909091, "percent_branches_covered_display": "84"}, "missing_lines": [114, 115, 118, 119, 120, 121, 122, 158, 171, 172, 173, 206, 207, 323, 324, 370, 439, 497, 498, 499, 500, 502, 503, 505, 506, 507, 509, 510, 513, 524], "excluded_lines": [], "start_line": 1, "executed_branches": [[55, -42], [55, 56], [58, -42], [58, 59], [59, 60], [60, -42], [60, 61], [77, -63], [77, 78], [80, 81], [80, 82], [82, -63], [82, 83], [83, 84], [84, 85], [84, 90], [87, 88], [109, 110], [109, 112], [113, 116], [116, 117], [145, 146], [145, 174], [152, 153], [155, 156], [160, 161], [160, 167], [174, 175], [174, 176], [193, 194], [193, 209], [197, 198], [197, 203], [198, 199], [198, 201], [203, 204], [236, 237], [264, 265], [264, 269], [266, 264], [266, 267], [269, -243], [269, 270], [289, 290], [289, 325], [295, 289], [295, 296], [296, 297], [296, 298], [298, 299], [298, 301], [302, 303], [302, 306], [309, 310], [309, 313], [317, 295], [317, 318], [318, 319], [318, 320], [320, 321], [345, 346], [345, 347], [362, 363], [362, 365], [369, -360], [403, 404], [403, 407], [404, 405], [438, 441], [448, -1], [448, 449], [487, 488], [487, 489], [496, 526]], "missing_branches": [[59, 55], [83, 77], [87, 89], [113, 114], [116, 118], [152, 155], [155, 158], [203, 210], [236, 241], [320, 317], [369, 370], [404, 403], [438, 439], [496, 497]]}}}, "research_code\\metadata_download.py": {"executed_lines": [22, 23, 24, 25, 26, 27, 28, 29, 30, 31, 32, 33, 34, 35, 36, 37, 38, 39, 41, 42, 47, 54, 55, 56, 63, 64, 66, 67, 68, 69, 71, 72, 73, 74, 77, 78, 79, 80, 81, 82, 89, 101, 102, 103, 105, 106, 107, 108, 109, 111, 112, 115, 133, 134, 135, 136, 137, 138, 140, 145, 147, 149, 150, 152, 153, 157, 162, 163, 164, 169, 183, 184, 185, 186, 187, 191, 192, 193, 198, 213, 214, 215, 216, 217, 218, 222, 223, 224, 229, 244, 245, 246, 247, 248, 249, 250, 254, 255, 256, 261, 269, 270, 271, 272, 274, 275, 278, 287, 288, 289, 290, 291, 292, 293, 294, 299, 308, 309, 310, 311, 312, 313, 314, 315, 320, 334, 335, 336, 339, 341, 342, 343, 347, 348, 349, 350, 353, 354, 357, 365, 366, 368, 373, 382, 394, 395, 396, 397, 399, 403, 405, 406, 407, 426, 447, 448, 449, 450, 451, 452, 453, 454, 456, 457, 458, 464, 465, 466, 468, 469, 470, 472, 473, 474, 475, 476, 478, 479, 480, 481, 482, 484, 485, 491, 492, 502, 503, 506, 525, 526, 527, 528, 529, 530, 532, 533, 537, 540, 544, 545, 547, 548, 549, 550, 551, 555, 559, 560, 561, 565, 566, 567, 568, 574, 591, 593, 595, 599, 600, 601, 604, 607, 612, 619, 620, 621, 623, 624, 626, 632, 634, 635, 642, 653, 654, 655, 656, 658, 659, 660, 661, 662, 663, 664, 666, 667, 670, 680, 681, 688, 710, 711, 713, 714, 715, 717, 718, 722, 725, 726, 727, 728, 730, 732, 733, 734, 735, 737, 738, 739, 740, 741, 743, 744, 745, 746, 747, 750, 752, 753, 754, 755, 758, 768, 769, 770, 773, 784, 785, 786, 789, 815, 825, 826, 828, 830, 831, 833, 834, 835, 837, 838, 839, 840, 842, 843, 845, 846, 848, 849, 851, 853, 859, 860, 862, 867, 868, 870, 875, 876, 878, 883, 884, 886, 887, 888, 890, 891, 892, 901, 903, 904, 906, 909, 911, 912, 914, 915, 917, 918, 919, 921, 924, 926, 927, 934, 945, 946, 947, 948, 949, 950, 951, 952, 955, 968, 969, 970, 974, 976, 977, 979, 980, 981, 983, 984, 985, 986, 988, 989, 990, 993, 1005, 1007, 1010, 1032, 1042, 1043, 1046, 1047, 1049, 1050, 1052, 1053, 1054, 1055, 1057, 1058, 1059, 1061, 1062, 1064, 1066, 1072, 1073, 1075, 1080, 1081, 1083, 1088, 1089, 1091, 1096, 1097, 1099, 1100, 1102, 1103, 1104, 1105, 1115, 1117, 1118, 1120, 1123, 1125, 1126, 1129, 1131, 1133, 1135, 1137, 1138, 1145, 1173, 1174, 1182, 1183, 1185, 1187, 1188, 1190, 1191, 1192, 1194, 1199, 1200, 1205, 1206, 1208, 1214, 1216, 1217, 1222, 1223, 1225, 1228, 1230, 1231, 1237], "summary": {"covered_lines": 450, "num_statements": 546, "percent_covered": 79.13165266106442, "percent_covered_display": "79", "missing_lines": 96, "excluded_lines": 0, "percent_statements_covered": 82.41758241758242, "percent_statements_covered_display": "82", "num_branches": 168, "num_partial_branches": 39, "covered_branches": 115, "missing_branches": 53, "percent_branches_covered": 68.45238095238095, "percent_branches_covered_display": "68"}, "missing_lines": [155, 159, 160, 165, 166, 188, 189, 194, 195, 219, 220, 225, 226, 251, 252, 257, 258, 295, 296, 316, 317, 337, 338, 344, 345, 351, 352, 374, 375, 400, 401, 409, 410, 411, 412, 413, 415, 416, 417, 419, 421, 422, 423, 459, 461, 462, 486, 487, 488, 489, 493, 494, 495, 497, 498, 499, 500, 538, 553, 556, 557, 563, 570, 571, 596, 597, 723, 816, 907, 978, 1006, 1033, 1121, 1226, 1238, 1239, 1241, 1243, 1244, 1246, 1248, 1249, 1250, 1251, 1252, 1253, 1254, 1255, 1256, 1257, 1259, 1267, 1274, 1276, 1277, 1279], "excluded_lines": [], "executed_branches": [[101, 102], [101, 105], [105, 106], [105, 111], [106, 107], [106, 109], [133, 134], [136, 137], [136, 147], [152, 153], [163, 164], [183, 184], [192, 193], [213, -198], [213, 214], [223, 224], [244, 245], [248, 249], [255, 256], [270, 271], [270, 274], [289, -278], [289, 290], [310, -299], [310, 311], [334, 335], [334, 341], [341, 342], [347, 348], [348, 349], [348, 354], [365, 366], [365, 368], [373, -357], [399, 403], [405, 406], [452, 453], [456, 457], [472, 473], [472, 478], [478, 479], [478, 484], [485, 491], [492, 502], [532, 533], [537, 540], [547, 548], [555, 559], [559, 560], [565, 566], [595, 599], [619, 620], [619, 623], [620, 619], [620, 621], [623, 624], [658, 659], [658, 666], [659, 658], [659, 660], [717, 718], [717, 732], [722, 725], [725, 726], [725, 730], [732, 733], [732, 737], [738, 739], [743, 744], [743, 752], [746, -688], [746, 747], [747, 746], [747, 750], [769, -758], [769, 770], [784, 785], [815, 825], [833, 834], [833, 837], [834, 833], [834, 835], [906, 909], [918, 919], [946, 947], [946, 951], [948, 946], [948, 949], [951, -934], [951, 952], [968, -955], [968, 969], [976, 968], [976, 977], [977, 979], [979, 980], [979, 983], [984, 985], [984, 988], [988, 976], [988, 989], [1005, 1007], [1032, 1042], [1049, 1050], [1049, 1052], [1120, 1123], [1173, 1174], [1190, 1191], [1190, 1194], [1191, 1190], [1191, 1192], [1216, 1217], [1216, 1222], [1225, 1228], [1237, -1]], "missing_branches": [[133, -115], [152, 155], [163, 165], [165, 133], [165, 166], [183, -169], [192, 194], [194, 183], [194, 195], [223, 225], [225, 213], [225, 226], [244, -229], [248, 254], [255, 257], [257, 244], [257, 258], [341, -320], [347, 341], [373, 374], [399, 400], [405, 409], [409, 410], [409, 415], [415, 416], [415, 419], [452, 456], [456, 459], [485, 486], [492, 493], [493, 494], [493, 497], [532, 565], [537, 538], [547, 553], [555, 556], [559, 563], [565, 570], [595, 596], [623, 626], [722, 723], [738, 743], [784, 786], [815, 816], [906, 907], [918, 921], [977, 978], [1005, 1006], [1032, 1033], [1120, 1121], [1173, 1182], [1225, 1226], [1237, 1238]], "functions": {"check_timeout_function": {"executed_lines": [101, 102, 103, 105, 106, 107, 108, 109, 111, 112], "summary": {"covered_lines": 10, "num_statements": 10, "percent_covered": 100.0, "percent_covered_display": "100", "missing_lines": 0, "excluded_lines": 0, "percent_statements_covered": 100.0, "percent_statements_covered_display": "100", "num_branches": 6, "num_partial_branches": 0, "covered_branches": 6, "missing_branches": 0, "percent_branches_covered": 100.0, "percent_branches_covered_display": "100"}, "missing_lines": [], "excluded_lines": [], "start_line": 89, "executed_branches": [[101, 102], [101, 105], [105, 106], [105, 111], [106, 107], [106, 109]], "missing_branches": []}, "monitor_jobs": {"executed_lines": [133, 134, 135, 136, 137, 138, 140, 145, 147, 149, 150, 152, 153, 157, 162, 163, 164], "summary": {"covered_lines": 17, "num_statements": 22, "percent_covered": 68.75, "percent_covered_display": "69", "missing_lines": 5, "excluded_lines": 0, "percent_statements_covered": 77.27272727272727, "percent_statements_covered_display": "77", "num_branches": 10, "num_partial_branches": 3, "covered_branches": 5, "missing_branches": 5, "percent_branches_covered": 50.0, "percent_branches_covered_display": "50"}, "missing_lines": [155, 159, 160, 165, 166], "excluded_lines": [], "start_line": 115, "executed_branches": [[133, 134], [136, 137], [136, 147], [152, 153], [163, 164]], "missing_branches": [[133, -115], [152, 155], [163, 165], [165, 133], [165, 166]]}, "monitor_connections": {"executed_lines": [183, 184, 185, 186, 187, 191, 192, 193], "summary": {"covered_lines": 8, "num_statements": 12, "percent_covered": 55.55555555555556, "percent_covered_display": "56", "missing_lines": 4, "excluded_lines": 0, "percent_statements_covered": 66.66666666666667, "percent_statements_covered_display": "67", "num_branches": 6, "num_partial_branches": 2, "covered_branches": 2, "missing_branches": 4, "percent_branches_covered": 33.333333333333336, "percent_branches_covered_display": "33"}, "missing_lines": [188, 189, 194, 195], "excluded_lines": [], "start_line": 169, "executed_branches": [[183, 184], [192, 193]], "missing_branches": [[183, -169], [192, 194], [194, 183], [194, 195]]}, "write_sequences": {"executed_lines": [213, 214, 215, 216, 217, 218, 222, 223, 224], "summary": {"covered_lines": 9, "num_statements": 13, "percent_covered": 63.1578947368421, "percent_covered_display": "63", "missing_lines": 4, "excluded_lines": 0, "percent_statements_covered": 69.23076923076923, "percent_statements_covered_display": "69", "num_branches": 6, "num_partial_branches": 1, "covered_branches": 3, "missing_branches": 3, "percent_branches_covered": 50.0, "percent_branches_covered_display": "50"}, "missing_lines": [219, 220, 225, 226], "excluded_lines": [], "start_line": 198, "executed_branches": [[213, -198], [213, 214], [223, 224]], "missing_branches": [[223, 225], [225, 213], [225, 226]]}, "write_bbox": {"executed_lines": [244, 245, 246, 247, 248, 249, 250, 254, 255, 256], "summary": {"covered_lines": 10, "num_statements": 14, "percent_covered": 59.09090909090909, "percent_covered_display": "59", "missing_lines": 4, "excluded_lines": 0, "percent_statements_covered": 71.42857142857143, "percent_statements_covered_display": "71", "num_branches": 8, "num_partial_branches": 3, "covered_branches": 3, "missing_branches": 5, "percent_branches_covered": 37.5, "percent_branches_covered_display": "38"}, "missing_lines": [251, 252, 257, 258], "excluded_lines": [], "start_line": 229, "executed_branches": [[244, 245], [248, 249], [255, 256]], "missing_branches": [[244, -229], [248, 254], [255, 257], [257, 244], [257, 258]]}, "write_data": {"executed_lines": [269, 270, 271, 272, 274, 275], "summary": {"covered_lines": 6, "num_statements": 6, "percent_covered": 100.0, "percent_covered_display": "100", "missing_lines": 0, "excluded_lines": 0, "percent_statements_covered": 100.0, "percent_statements_covered_display": "100", "num_branches": 2, "num_partial_branches": 0, "covered_branches": 2, "missing_branches": 0, "percent_branches_covered": 100.0, "percent_branches_covered_display": "100"}, "missing_lines": [], "excluded_lines": [], "start_line": 261, "executed_branches": [[270, 271], [270, 274]], "missing_branches": []}, "flush_metadata_buffer": {"executed_lines": [287, 288, 289, 290, 291, 292, 293, 294], "summary": {"covered_lines": 8, "num_statements": 10, "percent_covered": 83.33333333333333, "percent_covered_display": "83", "missing_lines": 2, "excluded_lines": 0, "percent_statements_covered": 80.0, "percent_statements_covered_display": "80", "num_branches": 2, "num_partial_branches": 0, "covered_branches": 2, "missing_branches": 0, "percent_branches_covered": 100.0, "percent_branches_covered_display": "100"}, "missing_lines": [295, 296], "excluded_lines": [], "start_line": 278, "executed_branches": [[289, -278], [289, 290]], "missing_branches": []}, "flush_missing_sequences_buffer": {"executed_lines": [308, 309, 310, 311, 312, 313, 314, 315], "summary": {"covered_lines": 8, "num_statements": 10, "percent_covered": 83.33333333333333, "percent_covered_display": "83", "missing_lines": 2, "excluded_lines": 0, "percent_statements_covered": 80.0, "percent_statements_covered_display": "80", "num_branches": 2, "num_partial_branches": 0, "covered_branches": 2, "missing_branches": 0, "percent_branches_covered": 100.0, "percent_branches_covered_display": "100"}, "missing_lines": [316, 317], "excluded_lines": [], "start_line": 299, "executed_branches": [[310, -299], [310, 311]], "missing_branches": []}, "write_data_on_the_fly": {"executed_lines": [334, 335, 336, 339, 341, 342, 343, 347, 348, 349, 350, 353, 354], "summary": {"covered_lines": 13, "num_statements": 19, "percent_covered": 70.37037037037037, "percent_covered_display": "70", "missing_lines": 6, "excluded_lines": 0, "percent_statements_covered": 68.42105263157895, "percent_statements_covered_display": "68", "num_branches": 8, "num_partial_branches": 2, "covered_branches": 6, "missing_branches": 2, "percent_branches_covered": 75.0, "percent_branches_covered_display": "75"}, "missing_lines": [337, 338, 344, 345, 351, 352], "excluded_lines": [], "start_line": 320, "executed_branches": [[334, 335], [334, 341], [341, 342], [347, 348], [348, 349], [348, 354]], "missing_branches": [[341, -320], [347, 341]]}, "join_threads_with_timeout": {"executed_lines": [365, 366, 368, 373], "summary": {"covered_lines": 4, "num_statements": 6, "percent_covered": 70.0, "percent_covered_display": "70", "missing_lines": 2, "excluded_lines": 0, "percent_statements_covered": 66.66666666666667, "percent_statements_covered_display": "67", "num_branches": 4, "num_partial_branches": 1, "covered_branches": 3, "missing_branches": 1, "percent_branches_covered": 75.0, "percent_branches_covered_display": "75"}, "missing_lines": [374, 375], "excluded_lines": [], "start_line": 357, "executed_branches": [[365, 366], [365, 368], [373, -357]], "missing_branches": [[373, 374]]}, "async_get_response": {"executed_lines": [394, 395, 396, 397, 399, 403, 405, 406, 407], "summary": {"covered_lines": 9, "num_statements": 23, "percent_covered": 35.483870967741936, "percent_covered_display": "35", "missing_lines": 14, "excluded_lines": 0, "percent_statements_covered": 39.130434782608695, "percent_statements_covered_display": "39", "num_branches": 8, "num_partial_branches": 2, "covered_branches": 2, "missing_branches": 6, "percent_branches_covered": 25.0, "percent_branches_covered_display": "25"}, "missing_lines": [400, 401, 409, 410, 411, 412, 413, 415, 416, 417, 419, 421, 422, 423], "excluded_lines": [], "start_line": 382, "executed_branches": [[399, 403], [405, 406]], "missing_branches": [[399, 400], [405, 409], [409, 410], [409, 415], [415, 416], [415, 419]]}, "data_handling": {"executed_lines": [447, 448, 449, 450, 451, 452, 453, 454, 456, 457, 458, 464, 465, 466, 468, 469, 470, 472, 473, 474, 475, 476, 478, 479, 480, 481, 482, 484, 485, 491, 492, 502, 503], "summary": {"covered_lines": 33, "num_statements": 47, "percent_covered": 67.21311475409836, "percent_covered_display": "67", "missing_lines": 14, "excluded_lines": 0, "percent_statements_covered": 70.2127659574468, "percent_statements_covered_display": "70", "num_branches": 14, "num_partial_branches": 4, "covered_branches": 8, "missing_branches": 6, "percent_branches_covered": 57.142857142857146, "percent_branches_covered_display": "57"}, "missing_lines": [459, 461, 462, 486, 487, 488, 489, 493, 494, 495, 497, 498, 499, 500], "excluded_lines": [], "start_line": 426, "executed_branches": [[452, 453], [456, 457], [472, 473], [472, 478], [478, 479], [478, 484], [485, 491], [492, 502]], "missing_branches": [[452, 456], [456, 459], [485, 486], [492, 493], [493, 494], [493, 497]]}, "fetch_sequence_paginated_images": {"executed_lines": [525, 526, 527, 528, 529, 530, 532, 533, 537, 540, 544, 545, 547, 548, 549, 550, 551, 555, 559, 560, 561, 565, 566, 567, 568], "summary": {"covered_lines": 25, "num_statements": 32, "percent_covered": 70.45454545454545, "percent_covered_display": "70", "missing_lines": 7, "excluded_lines": 0, "percent_statements_covered": 78.125, "percent_statements_covered_display": "78", "num_branches": 12, "num_partial_branches": 6, "covered_branches": 6, "missing_branches": 6, "percent_branches_covered": 50.0, "percent_branches_covered_display": "50"}, "missing_lines": [538, 553, 556, 557, 563, 570, 571], "excluded_lines": [], "start_line": 506, "executed_branches": [[532, 533], [537, 540], [547, 548], [555, 559], [559, 560], [565, 566]], "missing_branches": [[532, 565], [537, 538], [547, 553], [555, 556], [559, 563], [565, 570]]}, "process_one_sequence": {"executed_lines": [591, 593, 595, 599, 600, 601, 604, 607, 612, 619, 620, 621, 623, 624, 626, 632, 634, 635], "summary": {"covered_lines": 18, "num_statements": 20, "percent_covered": 85.71428571428571, "percent_covered_display": "86", "missing_lines": 2, "excluded_lines": 0, "percent_statements_covered": 90.0, "percent_statements_covered_display": "90", "num_branches": 8, "num_partial_branches": 2, "covered_branches": 6, "missing_branches": 2, "percent_branches_covered": 75.0, "percent_branches_covered_display": "75"}, "missing_lines": [596, 597], "excluded_lines": [], "start_line": 574, "executed_branches": [[595, 599], [619, 620], [619, 623], [620, 619], [620, 621], [623, 624]], "missing_branches": [[595, 596], [623, 626]]}, "segmented_bboxes": {"executed_lines": [653, 654, 655, 656, 658, 659, 660, 661, 662, 663, 664, 666, 667], "summary": {"covered_lines": 13, "num_statements": 13, "percent_covered": 100.0, "percent_covered_display": "100", "missing_lines": 0, "excluded_lines": 0, "percent_statements_covered": 100.0, "percent_statements_covered_display": "100", "num_branches": 4, "num_partial_branches": 0, "covered_branches": 4, "missing_branches": 0, "percent_branches_covered": 100.0, "percent_branches_covered_display": "100"}, "missing_lines": [], "excluded_lines": [], "start_line": 642, "executed_branches": [[658, 659], [658, 666], [659, 658], [659, 660]], "missing_branches": []}, "create_geodataframe_from_bboxes": {"executed_lines": [680, 681], "summary": {"covered_lines": 2, "num_statements": 2, "percent_covered": 100.0, "percent_covered_display": "100", "missing_lines": 0, "excluded_lines": 0, "percent_statements_covered": 100.0, "percent_statements_covered_display": "100", "num_branches": 0, "num_partial_branches": 0, "covered_branches": 0, "missing_branches": 0, "percent_branches_covered": 100.0, "percent_branches_covered_display": "100"}, "missing_lines": [], "excluded_lines": [], "start_line": 670, "executed_branches": [], "missing_branches": []}, "generator_get_bboxes_and_sequences": {"executed_lines": [710, 711, 713, 714, 715, 717, 718, 722, 725, 726, 727, 728, 730, 732, 733, 734, 735, 737, 738, 739, 740, 741, 743, 744, 745, 746, 747, 750, 752, 753, 754, 755], "summary": {"covered_lines": 32, "num_statements": 33, "percent_covered": 93.87755102040816, "percent_covered_display": "94", "missing_lines": 1, "excluded_lines": 0, "percent_statements_covered": 96.96969696969697, "percent_statements_covered_display": "97", "num_branches": 16, "num_partial_branches": 2, "covered_branches": 14, "missing_branches": 2, "percent_branches_covered": 87.5, "percent_branches_covered_display": "88"}, "missing_lines": [723], "excluded_lines": [], "start_line": 688, "executed_branches": [[717, 718], [717, 732], [722, 725], [725, 726], [725, 730], [732, 733], [732, 737], [738, 739], [743, 744], [743, 752], [746, -688], [746, 747], [747, 746], [747, 750]], "missing_branches": [[722, 723], [738, 743]]}, "get_bboxes_and_sequences": {"executed_lines": [768, 769, 770], "summary": {"covered_lines": 3, "num_statements": 3, "percent_covered": 100.0, "percent_covered_display": "100", "missing_lines": 0, "excluded_lines": 0, "percent_statements_covered": 100.0, "percent_statements_covered_display": "100", "num_branches": 2, "num_partial_branches": 0, "covered_branches": 2, "missing_branches": 0, "percent_branches_covered": 100.0, "percent_branches_covered_display": "100"}, "missing_lines": [], "excluded_lines": [], "start_line": 758, "executed_branches": [[769, -758], [769, 770]], "missing_branches": []}, "get_bboxes_and_sequences_wrapping": {"executed_lines": [784, 785, 786], "summary": {"covered_lines": 3, "num_statements": 3, "percent_covered": 80.0, "percent_covered_display": "80", "missing_lines": 0, "excluded_lines": 0, "percent_statements_covered": 100.0, "percent_statements_covered_display": "100", "num_branches": 2, "num_partial_branches": 1, "covered_branches": 1, "missing_branches": 1, "percent_branches_covered": 50.0, "percent_branches_covered_display": "50"}, "missing_lines": [], "excluded_lines": [], "start_line": 773, "executed_branches": [[784, 785]], "missing_branches": [[784, 786]]}, "get_sequences": {"executed_lines": [815, 825, 826, 828, 830, 831, 833, 834, 835, 837, 838, 839, 840, 842, 843, 845, 846, 848, 849, 851, 853, 859, 860, 862, 867, 868, 870, 875, 876, 878, 883, 884, 886, 887, 888, 890, 891, 892, 901, 903, 904, 906, 909, 911, 912, 914, 915, 917, 918, 919, 921, 924, 926, 927], "summary": {"covered_lines": 54, "num_statements": 56, "percent_covered": 92.42424242424242, "percent_covered_display": "92", "missing_lines": 2, "excluded_lines": 0, "percent_statements_covered": 96.42857142857143, "percent_statements_covered_display": "96", "num_branches": 10, "num_partial_branches": 3, "covered_branches": 7, "missing_branches": 3, "percent_branches_covered": 70.0, "percent_branches_covered_display": "70"}, "missing_lines": [816, 907], "excluded_lines": [], "start_line": 789, "executed_branches": [[815, 825], [833, 834], [833, 837], [834, 833], [834, 835], [906, 909], [918, 919]], "missing_branches": [[815, 816], [906, 907], [918, 921]]}, "process_generator": {"executed_lines": [945, 946, 947, 948, 949, 950, 951, 952], "summary": {"covered_lines": 8, "num_statements": 8, "percent_covered": 100.0, "percent_covered_display": "100", "missing_lines": 0, "excluded_lines": 0, "percent_statements_covered": 100.0, "percent_statements_covered_display": "100", "num_branches": 6, "num_partial_branches": 0, "covered_branches": 6, "missing_branches": 0, "percent_branches_covered": 100.0, "percent_branches_covered_display": "100"}, "missing_lines": [], "excluded_lines": [], "start_line": 934, "executed_branches": [[946, 947], [946, 951], [948, 946], [948, 949], [951, -934], [951, 952]], "missing_branches": []}, "metadata_download": {"executed_lines": [968, 969, 970, 974, 976, 977, 979, 980, 981, 983, 984, 985, 986, 988, 989, 990], "summary": {"covered_lines": 16, "num_statements": 17, "percent_covered": 93.10344827586206, "percent_covered_display": "93", "missing_lines": 1, "excluded_lines": 0, "percent_statements_covered": 94.11764705882354, "percent_statements_covered_display": "94", "num_branches": 12, "num_partial_branches": 1, "covered_branches": 11, "missing_branches": 1, "percent_branches_covered": 91.66666666666667, "percent_branches_covered_display": "92"}, "missing_lines": [978], "excluded_lines": [], "start_line": 955, "executed_branches": [[968, -955], [968, 969], [976, 968], [976, 977], [977, 979], [979, 980], [979, 983], [984, 985], [984, 988], [988, 976], [988, 989]], "missing_branches": [[977, 978]]}, "metadata_download_wrapping": {"executed_lines": [1005, 1007], "summary": {"covered_lines": 2, "num_statements": 3, "percent_covered": 60.0, "percent_covered_display": "60", "missing_lines": 1, "excluded_lines": 0, "percent_statements_covered": 66.66666666666667, "percent_statements_covered_display": "67", "num_branches": 2, "num_partial_branches": 1, "covered_branches": 1, "missing_branches": 1, "percent_branches_cove
[...]
333, 2334, 2335, 2337, 2338, 2339, 2340, 2342, 2349, 2353], "summary": {"covered_lines": 282, "num_statements": 296, "percent_covered": 94.47513812154696, "percent_covered_display": "94", "missing_lines": 14, "excluded_lines": 0, "percent_statements_covered": 95.27027027027027, "percent_statements_covered_display": "95", "num_branches": 66, "num_partial_branches": 4, "covered_branches": 60, "missing_branches": 6, "percent_branches_covered": 90.9090909090909, "percent_branches_covered_display": "91"}, "missing_lines": [388, 2291, 2292, 2310, 2311, 2312, 2313, 2314, 2343, 2344, 2345, 2346, 2347, 2354], "excluded_lines": [], "executed_branches": [[74, 75], [74, 78], [75, 74], [75, 76], [76, 75], [76, 77], [83, 84], [83, 87], [84, 83], [84, 85], [85, 84], [85, 86], [92, 93], [92, 94], [99, 100], [99, 101], [106, 107], [106, 109], [107, 106], [107, 108], [113, 114], [113, 116], [126, 127], [126, 137], [147, 148], [147, 165], [170, 171], [170, 172], [177, 178], [177, 179], [193, 194], [193, 205], [220, 221], [220, 243], [283, 284], [283, 289], [284, 285], [284, 286], [286, 283], [286, 287], [289, 290], [289, 293], [293, 294], [293, 297], [297, 298], [297, 312], [316, 317], [316, 322], [317, 318], [317, 320], [379, 380], [379, 381], [675, 678], [675, 682], [679, 680], [2273, 2274], [2273, 2280], [2281, 2282], [2342, 2349], [2353, -1]], "missing_branches": [[679, 675], [2281, -660], [2310, -2287], [2310, 2311], [2342, 2343], [2353, 2354]], "functions": {"load_statistics_runtime_config": {"executed_lines": [41, 42, 44, 46, 48], "summary": {"covered_lines": 5, "num_statements": 5, "percent_covered": 100.0, "percent_covered_display": "100", "missing_lines": 0, "excluded_lines": 0, "percent_statements_covered": 100.0, "percent_statements_covered_display": "100", "num_branches": 0, "num_partial_branches": 0, "covered_branches": 0, "missing_branches": 0, "percent_branches_covered": 100.0, "percent_branches_covered_display": "100"}, "missing_lines": [], "excluded_lines": [], "start_line": 39, "executed_branches": [], "missing_branches": []}, "create_paved_tags": {"executed_lines": [73, 74, 75, 76, 77, 78], "summary": {"covered_lines": 6, "num_statements": 6, "percent_covered": 100.0, "percent_covered_display": "100", "missing_lines": 0, "excluded_lines": 0, "percent_statements_covered": 100.0, "percent_statements_covered_display": "100", "num_branches": 6, "num_partial_branches": 0, "covered_branches": 6, "missing_branches": 0, "percent_branches_covered": 100.0, "percent_branches_covered_display": "100"}, "missing_lines": [], "excluded_lines": [], "start_line": 71, "executed_branches": [[74, 75], [74, 78], [75, 74], [75, 76], [76, 75], [76, 77]], "missing_branches": []}, "create_agg_highway_road_type_strings": {"executed_lines": [82, 83, 84, 85, 86, 87], "summary": {"covered_lines": 6, "num_statements": 6, "percent_covered": 100.0, "percent_covered_display": "100", "missing_lines": 0, "excluded_lines": 0, "percent_statements_covered": 100.0, "percent_statements_covered_display": "100", "num_branches": 6, "num_partial_branches": 0, "covered_branches": 6, "missing_branches": 0, "percent_branches_covered": 100.0, "percent_branches_covered_display": "100"}, "missing_lines": [], "excluded_lines": [], "start_line": 80, "executed_branches": [[83, 84], [83, 87], [84, 83], [84, 85], [85, 84], [85, 86]], "missing_branches": []}, "agg_ratio_strings": {"executed_lines": [91, 92, 93, 94], "summary": {"covered_lines": 4, "num_statements": 4, "percent_covered": 100.0, "percent_covered_display": "100", "missing_lines": 0, "excluded_lines": 0, "percent_statements_covered": 100.0, "percent_statements_covered_display": "100", "num_branches": 2, "num_partial_branches": 0, "covered_branches": 2, "missing_branches": 0, "percent_branches_covered": 100.0, "percent_branches_covered_display": "100"}, "missing_lines": [], "excluded_lines": [], "start_line": 89, "executed_branches": [[92, 93], [92, 94]], "missing_branches": []}, "create_ratio_strings": {"executed_lines": [98, 99, 100, 101], "summary": {"covered_lines": 4, "num_statements": 4, "percent_covered": 100.0, "percent_covered_display": "100", "missing_lines": 0, "excluded_lines": 0, "percent_statements_covered": 100.0, "percent_statements_covered_display": "100", "num_branches": 2, "num_partial_branches": 0, "covered_branches": 2, "missing_branches": 0, "percent_branches_covered": 100.0, "percent_branches_covered_display": "100"}, "missing_lines": [], "excluded_lines": [], "start_line": 96, "executed_branches": [[99, 100], [99, 101]], "missing_branches": []}, "create_paved_ratio_strings": {"executed_lines": [105, 106, 107, 108, 109], "summary": {"covered_lines": 5, "num_statements": 5, "percent_covered": 100.0, "percent_covered_display": "100", "missing_lines": 0, "excluded_lines": 0, "percent_statements_covered": 100.0, "percent_statements_covered_display": "100", "num_branches": 4, "num_partial_branches": 0, "covered_branches": 4, "missing_branches": 0, "percent_branches_covered": 100.0, "percent_branches_covered_display": "100"}, "missing_lines": [], "excluded_lines": [], "start_line": 103, "executed_branches": [[106, 107], [106, 109], [107, 106], [107, 108]], "missing_branches": []}, "_sql_in_list": {"executed_lines": [113, 114, 116, 117], "summary": {"covered_lines": 4, "num_statements": 4, "percent_covered": 100.0, "percent_covered_display": "100", "missing_lines": 0, "excluded_lines": 0, "percent_statements_covered": 100.0, "percent_statements_covered_display": "100", "num_branches": 2, "num_partial_branches": 0, "covered_branches": 2, "missing_branches": 0, "percent_branches_covered": 100.0, "percent_branches_covered_display": "100"}, "missing_lines": [], "excluded_lines": [], "start_line": 111, "executed_branches": [[113, 114], [113, 116]], "missing_branches": []}, "create_osm_general_strings": {"executed_lines": [124, 126, 127, 128, 132, 137], "summary": {"covered_lines": 6, "num_statements": 6, "percent_covered": 100.0, "percent_covered_display": "100", "missing_lines": 0, "excluded_lines": 0, "percent_statements_covered": 100.0, "percent_statements_covered_display": "100", "num_branches": 2, "num_partial_branches": 0, "covered_branches": 2, "missing_branches": 0, "percent_branches_covered": 100.0, "percent_branches_covered_display": "100"}, "missing_lines": [], "excluded_lines": [], "start_line": 119, "executed_branches": [[126, 127], [126, 137]], "missing_branches": []}, "create_osm_urban_rural_strings": {"executed_lines": [145, 147, 148, 149, 153, 157, 161, 165], "summary": {"covered_lines": 8, "num_statements": 8, "percent_covered": 100.0, "percent_covered_display": "100", "missing_lines": 0, "excluded_lines": 0, "percent_statements_covered": 100.0, "percent_statements_covered_display": "100", "num_branches": 2, "num_partial_branches": 0, "covered_branches": 2, "missing_branches": 0, "percent_branches_covered": 100.0, "percent_branches_covered_display": "100"}, "missing_lines": [], "excluded_lines": [], "start_line": 139, "executed_branches": [[147, 148], [147, 165]], "missing_branches": []}, "add_prefix_and_suffix": {"executed_lines": [169, 170, 171, 172], "summary": {"covered_lines": 4, "num_statements": 4, "percent_covered": 100.0, "percent_covered_display": "100", "missing_lines": 0, "excluded_lines": 0, "percent_statements_covered": 100.0, "percent_statements_covered_display": "100", "num_branches": 2, "num_partial_branches": 0, "covered_branches": 2, "missing_branches": 0, "percent_branches_covered": 100.0, "percent_branches_covered_display": "100"}, "missing_lines": [], "excluded_lines": [], "start_line": 167, "executed_branches": [[170, 171], [170, 172]], "missing_branches": []}, "add_prefix": {"executed_lines": [176, 177, 178, 179], "summary": {"covered_lines": 4, "num_statements": 4, "percent_covered": 100.0, "percent_covered_display": "100", "missing_lines": 0, "excluded_lines": 0, "percent_statements_covered": 100.0, "percent_statements_covered_display": "100", "num_branches": 2, "num_partial_branches": 0, "covered_branches": 2, "missing_branches": 0, "percent_branches_covered": 100.0, "percent_branches_covered_display": "100"}, "missing_lines": [], "excluded_lines": [], "start_line": 174, "executed_branches": [[177, 178], [177, 179]], "missing_branches": []}, "create_surface_general_strings": {"executed_lines": [191, 193, 194, 195, 199, 205], "summary": {"covered_lines": 6, "num_statements": 6, "percent_covered": 100.0, "percent_covered_display": "100", "missing_lines": 0, "excluded_lines": 0, "percent_statements_covered": 100.0, "percent_statements_covered_display": "100", "num_branches": 2, "num_partial_branches": 0, "covered_branches": 2, "missing_branches": 0, "percent_branches_covered": 100.0, "percent_branches_covered_display": "100"}, "missing_lines": [], "excluded_lines": [], "start_line": 181, "executed_branches": [[193, 194], [193, 205]], "missing_branches": []}, "create_surface_urban_rural_strings": {"executed_lines": [218, 220, 221, 223, 227, 232, 237, 243], "summary": {"covered_lines": 8, "num_statements": 8, "percent_covered": 100.0, "percent_covered_display": "100", "missing_lines": 0, "excluded_lines": 0, "percent_statements_covered": 100.0, "percent_statements_covered_display": "100", "num_branches": 2, "num_partial_branches": 0, "covered_branches": 2, "missing_branches": 0, "percent_branches_covered": 100.0, "percent_branches_covered_display": "100"}, "missing_lines": [], "excluded_lines": [], "start_line": 207, "executed_branches": [[220, 221], [220, 243]], "missing_branches": []}, "build_metric_catalog": {"executed_lines": [248, 250, 254, 255, 256, 269, 270, 271, 272, 273, 274, 275, 276, 277, 278, 279, 280, 281, 283, 284, 285, 286, 287, 289, 290, 291, 293, 294, 295, 297, 298, 299, 300, 301, 302, 303, 304, 305, 306, 307, 308, 309, 310, 312, 313, 314, 315, 316, 317, 318, 320, 322, 323, 325], "summary": {"covered_lines": 54, "num_statements": 54, "percent_covered": 100.0, "percent_covered_display": "100", "missing_lines": 0, "excluded_lines": 0, "percent_statements_covered": 100.0, "percent_statements_covered_display": "100", "num_branches": 16, "num_partial_branches": 0, "covered_branches": 16, "missing_branches": 0, "percent_branches_covered": 100.0, "percent_branches_covered_display": "100"}, "missing_lines": [], "excluded_lines": [], "start_line": 246, "executed_branches": [[283, 284], [283, 289], [284, 285], [284, 286], [286, 283], [286, 287], [289, 290], [289, 293], [293, 294], [293, 297], [297, 298], [297, 312], [316, 317], [316, 322], [317, 318], [317, 320]], "missing_branches": []}, "create_tile": {"executed_lines": [351, 352], "summary": {"covered_lines": 2, "num_statements": 2, "percent_covered": 100.0, "percent_covered_display": "100", "missing_lines": 0, "excluded_lines": 0, "percent_statements_covered": 100.0, "percent_statements_covered_display": "100", "num_branches": 0, "num_partial_branches": 0, "covered_branches": 0, "missing_branches": 0, "percent_branches_covered": 100.0, "percent_branches_covered_display": "100"}, "missing_lines": [], "excluded_lines": [], "start_line": 349, "executed_branches": [], "missing_branches": []}, "haversine": {"executed_lines": [356, 357, 359, 360, 362, 363, 365, 366], "summary": {"covered_lines": 8, "num_statements": 8, "percent_covered": 100.0, "percent_covered_display": "100", "missing_lines": 0, "excluded_lines": 0, "percent_statements_covered": 100.0, "percent_statements_covered_display": "100", "num_branches": 0, "num_partial_branches": 0, "covered_branches": 0, "missing_branches": 0, "percent_branches_covered": 100.0, "percent_branches_covered_display": "100"}, "missing_lines": [], "excluded_lines": [], "start_line": 354, "executed_branches": [], "missing_branches": []}, "calculate_length": {"executed_lines": [370, 371, 372, 373, 374], "summary": {"covered_lines": 5, "num_statements": 5, "percent_covered": 100.0, "percent_covered_display": "100", "missing_lines": 0, "excluded_lines": 0, "percent_statements_covered": 100.0, "percent_statements_covered_display": "100", "num_branches": 0, "num_partial_branches": 0, "covered_branches": 0, "missing_branches": 0, "percent_branches_covered": 100.0, "percent_branches_covered_display": "100"}, "missing_lines": [], "excluded_lines": [], "start_line": 368, "executed_branches": [], "missing_branches": []}, "correct_z14_tiles_osm": {"executed_lines": [378, 379, 380, 381], "summary": {"covered_lines": 4, "num_statements": 4, "percent_covered": 100.0, "percent_covered_display": "100", "missing_lines": 0, "excluded_lines": 0, "percent_statements_covered": 100.0, "percent_statements_covered_display": "100", "num_branches": 2, "num_partial_branches": 0, "covered_branches": 2, "missing_branches": 0, "percent_branches_covered": 100.0, "percent_branches_covered_display": "100"}, "missing_lines": [], "excluded_lines": [], "start_line": 376, "executed_branches": [[379, 380], [379, 381]], "missing_branches": []}, "urban_query": {"executed_lines": [418, 658], "summary": {"covered_lines": 2, "num_statements": 2, "percent_covered": 100.0, "percent_covered_display": "100", "missing_lines": 0, "excluded_lines": 0, "percent_statements_covered": 100.0, "percent_statements_covered_display": "100", "num_branches": 0, "num_partial_branches": 0, "covered_branches": 0, "missing_branches": 0, "percent_branches_covered": 100.0, "percent_branches_covered_display": "100"}, "missing_lines": [], "excluded_lines": [], "start_line": 416, "executed_branches": [], "missing_branches": []}, "process_file": {"executed_lines": [663, 664, 665, 666, 668, 669, 670, 671, 672, 673, 675, 678, 679, 680, 682, 683, 701, 718, 763, 773, 1070, 1358, 1660, 1955, 2255, 2256, 2257, 2258, 2259, 2260, 2261, 2263, 2264, 2265, 2266, 2267, 2268, 2269, 2270, 2271, 2273, 2274, 2275, 2276, 2277, 2278, 2280, 2281, 2282], "summary": {"covered_lines": 49, "num_statements": 49, "percent_covered": 96.49122807017544, "percent_covered_display": "96", "missing_lines": 0, "excluded_lines": 0, "percent_statements_covered": 100.0, "percent_statements_covered_display": "100", "num_branches": 8, "num_partial_branches": 2, "covered_branches": 6, "missing_branches": 2, "percent_branches_covered": 75.0, "percent_branches_covered_display": "75"}, "missing_lines": [], "excluded_lines": [], "start_line": 660, "executed_branches": [[675, 678], [675, 682], [679, 680], [2273, 2274], [2273, 2280], [2281, 2282]], "missing_branches": [[679, 675], [2281, -660]]}, "run_parallel_processing": {"executed_lines": [], "summary": {"covered_lines": 0, "num_statements": 7, "percent_covered": 0.0, "percent_covered_display": "0", "missing_lines": 7, "excluded_lines": 0, "percent_statements_covered": 0.0, "percent_statements_covered_display": "0", "num_branches": 2, "num_partial_branches": 0, "covered_branches": 0, "missing_branches": 2, "percent_branches_covered": 0.0, "percent_branches_covered_display": "0"}, "missing_lines": [2291, 2292, 2310, 2311, 2312, 2313, 2314], "excluded_lines": [], "start_line": 2287, "executed_branches": [], "missing_branches": [[2310, -2287], [2310, 2311]]}, "main": {"executed_lines": [2321, 2322, 2323, 2324, 2326, 2327, 2328, 2329, 2330, 2331, 2332, 2333, 2334, 2335, 2337, 2338, 2339, 2340, 2342, 2349], "summary": {"covered_lines": 20, "num_statements": 25, "percent_covered": 77.77777777777777, "percent_covered_display": "78", "missing_lines": 5, "excluded_lines": 0, "percent_statements_covered": 80.0, "percent_statements_covered_display": "80", "num_branches": 2, "num_partial_branches": 1, "covered_branches": 1, "missing_branches": 1, "percent_branches_covered": 50.0, "percent_branches_covered_display": "50"}, "missing_lines": [2343, 2344, 2345, 2346, 2347], "excluded_lines": [], "start_line": 2316, "executed_branches": [[2342, 2349]], "missing_branches": [[2342, 2343]]}, "": {"executed_lines": [10, 11, 12, 13, 14, 16, 17, 18, 19, 20, 22, 27, 28, 29, 30, 31, 32, 33, 34, 36, 37, 39, 71, 80, 89, 96, 103, 111, 119, 139, 167, 174, 181, 207, 246, 349, 354, 368, 376, 386, 387, 389, 390, 392, 393, 394, 395, 396, 397, 398, 399, 400, 401, 402, 403, 404, 405, 406, 407, 408, 409, 410, 411, 416, 660, 2287, 2316, 2353], "summary": {"covered_lines": 68, "num_statements": 70, "percent_covered": 95.83333333333333, "percent_covered_display": "96", "missing_lines": 2, "excluded_lines": 0, "percent_statements_covered": 97.14285714285714, "percent_statements_covered_display": "97", "num_branches": 2, "num_partial_branches": 1, "covered_branches": 1, "missing_branches": 1, "percent_branches_covered": 50.0, "percent_branches_covered_display": "50"}, "missing_lines": [388, 2354], "excluded_lines": [], "start_line": 1, "executed_branches": [[2353, -1]], "missing_branches": [[2353, 2354]]}}, "classes": {"": {"executed_lines": [10, 11, 12, 13, 14, 16, 17, 18, 19, 20, 22, 27, 28, 29, 30, 31, 32, 33, 34, 36, 37, 39, 41, 42, 44, 46, 48, 71, 73, 74, 75, 76, 77, 78, 80, 82, 83, 84, 85, 86, 87, 89, 91, 92, 93, 94, 96, 98, 99, 100, 101, 103, 105, 106, 107, 108, 109, 111, 113, 114, 116, 117, 119, 124, 126, 127, 128, 132, 137, 139, 145, 147, 148, 149, 153, 157, 161, 165, 167, 169, 170, 171, 172, 174, 176, 177, 178, 179, 181, 191, 193, 194, 195, 199, 205, 207, 218, 220, 221, 223, 227, 232, 237, 243, 246, 248, 250, 254, 255, 256, 269, 270, 271, 272, 273, 274, 275, 276, 277, 278, 279, 280, 281, 283, 284, 285, 286, 287, 289, 290, 291, 293, 294, 295, 297, 298, 299, 300, 301, 302, 303, 304, 305, 306, 307, 308, 309, 310, 312, 313, 314, 315, 316, 317, 318, 320, 322, 323, 325, 349, 351, 352, 354, 356, 357, 359, 360, 362, 363, 365, 366, 368, 370, 371, 372, 373, 374, 376, 378, 379, 380, 381, 386, 387, 389, 390, 392, 393, 394, 395, 396, 397, 398, 399, 400, 401, 402, 403, 404, 405, 406, 407, 408, 409, 410, 411, 416, 418, 658, 660, 663, 664, 665, 666, 668, 669, 670, 671, 672, 673, 675, 678, 679, 680, 682, 683, 701, 718, 763, 773, 1070, 1358, 1660, 1955, 2255, 2256, 2257, 2258, 2259, 2260, 2261, 2263, 2264, 2265, 2266, 2267, 2268, 2269, 2270, 2271, 2273, 2274, 2275, 2276, 2277, 2278, 2280, 2281, 2282, 2287, 2316, 2321, 2322, 2323, 2324, 2326, 2327, 2328, 2329, 2330, 2331, 2332, 2333, 2334, 2335, 2337, 2338, 2339, 2340, 2342, 2349, 2353], "summary": {"covered_lines": 282, "num_statements": 296, "percent_covered": 94.47513812154696, "percent_covered_display": "94", "missing_lines": 14, "excluded_lines": 0, "percent_statements_covered": 95.27027027027027, "percent_statements_covered_display": "95", "num_branches": 66, "num_partial_branches": 4, "covered_branches": 60, "missing_branches": 6, "percent_branches_covered": 90.9090909090909, "percent_branches_covered_display": "91"}, "missing_lines": [388, 2291, 2292, 2310, 2311, 2312, 2313, 2314, 2343, 2344, 2345, 2346, 2347, 2354], "excluded_lines": [], "start_line": 1, "executed_branches": [[74, 75], [74, 78], [75, 74], [75, 76], [76, 75], [76, 77], [83, 84], [83, 87], [84, 83], [84, 85], [85, 84], [85, 86], [92, 93], [92, 94], [99, 100], [99, 101], [106, 107], [106, 109], [107, 106], [107, 108], [113, 114], [113, 116], [126, 127], [126, 137], [147, 148], [147, 165], [170, 171], [170, 172], [177, 178], [177, 179], [193, 194], [193, 205], [220, 221], [220, 243], [283, 284], [283, 289], [284, 285], [284, 286], [286, 283], [286, 287], [289, 290], [289, 293], [293, 294], [293, 297], [297, 298], [297, 312], [316, 317], [316, 322], [317, 318], [317, 320], [379, 380], [379, 381], [675, 678], [675, 682], [679, 680], [2273, 2274], [2273, 2280], [2281, 2282], [2342, 2349], [2353, -1]], "missing_branches": [[679, 675], [2281, -660], [2310, -2287], [2310, 2311], [2342, 2343], [2353, 2354]]}}}}, "totals": {"covered_lines": 2115, "num_statements": 2334, "percent_covered": 88.11447811447812, "percent_covered_display": "88", "missing_lines": 219, "excluded_lines": 0, "percent_statements_covered": 90.61696658097686, "percent_statements_covered_display": "91", "num_branches": 636, "num_partial_branches": 108, "covered_branches": 502, "missing_branches": 134, "percent_branches_covered": 78.93081761006289, "percent_branches_covered_display": "79"}}